<?xml version="1.0" encoding="UTF-8"?>
<coverage generated="1671729008942" clover="3.2.0">
  <project timestamp="1671729008943" name="All files">
    <metrics statements="521" coveredstatements="476" conditionals="136" coveredconditionals="120" methods="153" coveredmethods="143" elements="810" coveredelements="739" complexity="0" loc="521" ncloc="521" packages="2" files="3" classes="3"/>
    <package name="site">
      <metrics statements="515" coveredstatements="470" conditionals="136" coveredconditionals="120" methods="152" coveredmethods="142"/>
      <file name="database.js" path="C:\Users\deney\Documents\Unif\BAC 2\Q1\LINFO1212 - Projet d'approfondissement en Sciences Informatiques\APPR_PF08\site\database.js">
        <metrics statements="507" coveredstatements="462" conditionals="136" coveredconditionals="120" methods="152" coveredmethods="142"/>
        <line num="1" count="1" type="stmt"/>
        <line num="3" count="1" type="stmt"/>
        <line num="13" count="20" type="stmt"/>
        <line num="14" count="19" type="cond" truecount="2" falsecount="0"/>
        <line num="15" count="18" type="stmt"/>
        <line num="17" count="1" type="stmt"/>
        <line num="18" count="1" type="stmt"/>
        <line num="22" count="1" type="stmt"/>
        <line num="23" count="1" type="stmt"/>
        <line num="34" count="5" type="stmt"/>
        <line num="35" count="3" type="cond" truecount="1" falsecount="1"/>
        <line num="36" count="3" type="stmt"/>
        <line num="37" count="1" type="stmt"/>
        <line num="39" count="3" type="stmt"/>
        <line num="41" count="0" type="stmt"/>
        <line num="42" count="0" type="stmt"/>
        <line num="45" count="2" type="stmt"/>
        <line num="46" count="2" type="stmt"/>
        <line num="56" count="6" type="stmt"/>
        <line num="57" count="5" type="cond" truecount="2" falsecount="0"/>
        <line num="58" count="4" type="stmt"/>
        <line num="60" count="1" type="stmt"/>
        <line num="61" count="1" type="stmt"/>
        <line num="64" count="1" type="stmt"/>
        <line num="65" count="1" type="stmt"/>
        <line num="75" count="22" type="stmt"/>
        <line num="76" count="21" type="cond" truecount="2" falsecount="0"/>
        <line num="77" count="20" type="stmt"/>
        <line num="79" count="1" type="stmt"/>
        <line num="80" count="1" type="stmt"/>
        <line num="83" count="1" type="stmt"/>
        <line num="84" count="1" type="stmt"/>
        <line num="97" count="18" type="stmt"/>
        <line num="104" count="17" type="stmt"/>
        <line num="105" count="17" type="stmt"/>
        <line num="107" count="1" type="stmt"/>
        <line num="108" count="1" type="stmt"/>
        <line num="119" count="4" type="cond" truecount="2" falsecount="0"/>
        <line num="120" count="1" type="stmt"/>
        <line num="121" count="1" type="stmt"/>
        <line num="123" count="3" type="stmt"/>
        <line num="124" count="2" type="cond" truecount="2" falsecount="0"/>
        <line num="125" count="1" type="stmt"/>
        <line num="126" count="1" type="stmt"/>
        <line num="128" count="1" type="stmt"/>
        <line num="129" count="1" type="stmt"/>
        <line num="132" count="1" type="stmt"/>
        <line num="133" count="1" type="stmt"/>
        <line num="143" count="3" type="stmt"/>
        <line num="144" count="2" type="cond" truecount="2" falsecount="0"/>
        <line num="145" count="1" type="stmt"/>
        <line num="146" count="1" type="stmt"/>
        <line num="148" count="1" type="stmt"/>
        <line num="149" count="1" type="stmt"/>
        <line num="152" count="1" type="stmt"/>
        <line num="153" count="1" type="stmt"/>
        <line num="163" count="4" type="stmt"/>
        <line num="164" count="3" type="cond" truecount="1" falsecount="1"/>
        <line num="165" count="0" type="stmt"/>
        <line num="166" count="0" type="stmt"/>
        <line num="168" count="3" type="stmt"/>
        <line num="169" count="3" type="stmt"/>
        <line num="172" count="1" type="stmt"/>
        <line num="173" count="1" type="stmt"/>
        <line num="186" count="3" type="stmt"/>
        <line num="187" count="2" type="cond" truecount="2" falsecount="0"/>
        <line num="188" count="1" type="stmt"/>
        <line num="189" count="1" type="stmt"/>
        <line num="191" count="1" type="stmt"/>
        <line num="192" count="1" type="stmt"/>
        <line num="195" count="1" type="stmt"/>
        <line num="196" count="1" type="stmt"/>
        <line num="209" count="3" type="stmt"/>
        <line num="210" count="2" type="cond" truecount="2" falsecount="0"/>
        <line num="211" count="1" type="stmt"/>
        <line num="212" count="1" type="stmt"/>
        <line num="214" count="1" type="stmt"/>
        <line num="215" count="1" type="stmt"/>
        <line num="218" count="1" type="stmt"/>
        <line num="219" count="1" type="stmt"/>
        <line num="232" count="3" type="stmt"/>
        <line num="233" count="2" type="cond" truecount="2" falsecount="0"/>
        <line num="234" count="1" type="stmt"/>
        <line num="235" count="1" type="stmt"/>
        <line num="237" count="1" type="stmt"/>
        <line num="238" count="1" type="stmt"/>
        <line num="241" count="1" type="stmt"/>
        <line num="242" count="1" type="stmt"/>
        <line num="253" count="3" type="stmt"/>
        <line num="254" count="2" type="cond" truecount="2" falsecount="0"/>
        <line num="255" count="1" type="stmt"/>
        <line num="256" count="1" type="stmt"/>
        <line num="258" count="1" type="stmt"/>
        <line num="259" count="1" type="stmt"/>
        <line num="262" count="1" type="stmt"/>
        <line num="263" count="1" type="stmt"/>
        <line num="274" count="3" type="stmt"/>
        <line num="275" count="2" type="cond" truecount="2" falsecount="0"/>
        <line num="276" count="1" type="stmt"/>
        <line num="277" count="1" type="stmt"/>
        <line num="279" count="1" type="stmt"/>
        <line num="280" count="1" type="stmt"/>
        <line num="283" count="1" type="stmt"/>
        <line num="284" count="1" type="stmt"/>
        <line num="297" count="5" type="stmt"/>
        <line num="298" count="3" type="cond" truecount="2" falsecount="0"/>
        <line num="299" count="1" type="stmt"/>
        <line num="300" count="1" type="stmt"/>
        <line num="302" count="2" type="stmt"/>
        <line num="303" count="2" type="stmt"/>
        <line num="306" count="2" type="stmt"/>
        <line num="307" count="2" type="stmt"/>
        <line num="312" count="7" type="stmt"/>
        <line num="313" count="6" type="cond" truecount="1" falsecount="1"/>
        <line num="314" count="6" type="stmt"/>
        <line num="315" count="0" type="stmt"/>
        <line num="317" count="6" type="stmt"/>
        <line num="319" count="0" type="stmt"/>
        <line num="322" count="1" type="stmt"/>
        <line num="323" count="1" type="stmt"/>
        <line num="328" count="5" type="stmt"/>
        <line num="329" count="5" type="stmt"/>
        <line num="334" count="5" type="cond" truecount="1" falsecount="1"/>
        <line num="335" count="5" type="stmt"/>
        <line num="336" count="5" type="stmt"/>
        <line num="337" count="6" type="stmt"/>
        <line num="338" count="6" type="stmt"/>
        <line num="339" count="6" type="stmt"/>
        <line num="341" count="5" type="stmt"/>
        <line num="343" count="0" type="stmt"/>
        <line num="344" count="0" type="stmt"/>
        <line num="347" count="0" type="stmt"/>
        <line num="348" count="0" type="stmt"/>
        <line num="364" count="15" type="stmt"/>
        <line num="365" count="13" type="cond" truecount="2" falsecount="0"/>
        <line num="366" count="12" type="stmt"/>
        <line num="367" count="12" type="stmt"/>
        <line num="368" count="12" type="stmt"/>
        <line num="369" count="12" type="stmt"/>
        <line num="370" count="12" type="stmt"/>
        <line num="371" count="12" type="stmt"/>
        <line num="373" count="1" type="stmt"/>
        <line num="374" count="1" type="stmt"/>
        <line num="378" count="2" type="stmt"/>
        <line num="379" count="2" type="stmt"/>
        <line num="396" count="7" type="stmt"/>
        <line num="406" count="5" type="stmt"/>
        <line num="407" count="5" type="stmt"/>
        <line num="409" count="2" type="stmt"/>
        <line num="427" count="2" type="stmt"/>
        <line num="436" count="2" type="cond" truecount="1" falsecount="1"/>
        <line num="437" count="0" type="stmt"/>
        <line num="438" count="0" type="stmt"/>
        <line num="440" count="2" type="stmt"/>
        <line num="441" count="2" type="stmt"/>
        <line num="444" count="0" type="stmt"/>
        <line num="445" count="0" type="stmt"/>
        <line num="456" count="2" type="stmt"/>
        <line num="458" count="2" type="stmt"/>
        <line num="459" count="2" type="cond" truecount="2" falsecount="0"/>
        <line num="460" count="1" type="stmt"/>
        <line num="461" count="3" type="stmt"/>
        <line num="462" count="3" type="stmt"/>
        <line num="463" count="3" type="stmt"/>
        <line num="468" count="1" type="stmt"/>
        <line num="469" count="1" type="stmt"/>
        <line num="471" count="1" type="stmt"/>
        <line num="472" count="1" type="stmt"/>
        <line num="475" count="0" type="stmt"/>
        <line num="476" count="0" type="stmt"/>
        <line num="489" count="3" type="stmt"/>
        <line num="491" count="2" type="cond" truecount="2" falsecount="0"/>
        <line num="492" count="1" type="stmt"/>
        <line num="493" count="1" type="stmt"/>
        <line num="495" count="1" type="stmt"/>
        <line num="496" count="1" type="stmt"/>
        <line num="499" count="1" type="stmt"/>
        <line num="500" count="1" type="stmt"/>
        <line num="511" count="3" type="stmt"/>
        <line num="512" count="2" type="cond" truecount="2" falsecount="0"/>
        <line num="513" count="1" type="stmt"/>
        <line num="515" count="1" type="stmt"/>
        <line num="516" count="1" type="stmt"/>
        <line num="519" count="1" type="stmt"/>
        <line num="520" count="1" type="stmt"/>
        <line num="531" count="10" type="stmt"/>
        <line num="532" count="8" type="cond" truecount="2" falsecount="0"/>
        <line num="533" count="6" type="stmt"/>
        <line num="534" count="6" type="stmt"/>
        <line num="536" count="2" type="stmt"/>
        <line num="537" count="2" type="stmt"/>
        <line num="540" count="2" type="stmt"/>
        <line num="541" count="2" type="stmt"/>
        <line num="563" count="3" type="cond" truecount="1" falsecount="1"/>
        <line num="564" count="0" type="stmt"/>
        <line num="566" count="3" type="stmt"/>
        <line num="568" count="1" type="stmt"/>
        <line num="569" count="1" type="stmt"/>
        <line num="571" count="1" type="stmt"/>
        <line num="572" count="1" type="stmt"/>
        <line num="574" count="1" type="stmt"/>
        <line num="576" count="1" type="stmt"/>
        <line num="577" count="1" type="stmt"/>
        <line num="579" count="1" type="stmt"/>
        <line num="582" count="1" type="stmt"/>
        <line num="585" count="1" type="stmt"/>
        <line num="586" count="1" type="stmt"/>
        <line num="587" count="1" type="stmt"/>
        <line num="589" count="2" type="stmt"/>
        <line num="590" count="2" type="stmt"/>
        <line num="591" count="2" type="stmt"/>
        <line num="592" count="2" type="stmt"/>
        <line num="593" count="2" type="cond" truecount="3" falsecount="1"/>
        <line num="594" count="2" type="stmt"/>
        <line num="596" count="2" type="stmt"/>
        <line num="597" count="2" type="stmt"/>
        <line num="599" count="1" type="stmt"/>
        <line num="601" count="0" type="stmt"/>
        <line num="604" count="1" type="stmt"/>
        <line num="606" count="1" type="stmt"/>
        <line num="624" count="11" type="cond" truecount="4" falsecount="0"/>
        <line num="625" count="3" type="stmt"/>
        <line num="627" count="11" type="stmt"/>
        <line num="628" count="11" type="stmt"/>
        <line num="629" count="11" type="stmt"/>
        <line num="630" count="11" type="cond" truecount="2" falsecount="0"/>
        <line num="631" count="5" type="stmt"/>
        <line num="635" count="11" type="stmt"/>
        <line num="641" count="10" type="cond" truecount="1" falsecount="1"/>
        <line num="642" count="10" type="stmt"/>
        <line num="643" count="10" type="stmt"/>
        <line num="645" count="0" type="stmt"/>
        <line num="646" count="0" type="stmt"/>
        <line num="649" count="1" type="stmt"/>
        <line num="650" count="1" type="stmt"/>
        <line num="652" count="11" type="cond" truecount="2" falsecount="0"/>
        <line num="653" count="1" type="stmt"/>
        <line num="654" count="1" type="stmt"/>
        <line num="656" count="10" type="cond" truecount="2" falsecount="0"/>
        <line num="657" count="6" type="stmt"/>
        <line num="659" count="4" type="stmt"/>
        <line num="662" count="10" type="stmt"/>
        <line num="663" count="10" type="cond" truecount="1" falsecount="1"/>
        <line num="664" count="10" type="stmt"/>
        <line num="665" count="10" type="stmt"/>
        <line num="667" count="0" type="stmt"/>
        <line num="668" count="0" type="stmt"/>
        <line num="671" count="0" type="stmt"/>
        <line num="672" count="0" type="stmt"/>
        <line num="674" count="10" type="stmt"/>
        <line num="696" count="17" type="stmt"/>
        <line num="702" count="3" type="cond" truecount="1" falsecount="1"/>
        <line num="703" count="3" type="stmt"/>
        <line num="704" count="3" type="stmt"/>
        <line num="706" count="0" type="stmt"/>
        <line num="707" count="0" type="stmt"/>
        <line num="710" count="14" type="stmt"/>
        <line num="711" count="14" type="stmt"/>
        <line num="726" count="7" type="stmt"/>
        <line num="727" count="4" type="stmt"/>
        <line num="728" count="4" type="stmt"/>
        <line num="730" count="7" type="stmt"/>
        <line num="731" count="6" type="cond" truecount="2" falsecount="0"/>
        <line num="732" count="2" type="stmt"/>
        <line num="733" count="2" type="stmt"/>
        <line num="735" count="4" type="stmt"/>
        <line num="736" count="4" type="stmt"/>
        <line num="739" count="1" type="stmt"/>
        <line num="740" count="1" type="stmt"/>
        <line num="751" count="4" type="stmt"/>
        <line num="752" count="3" type="stmt"/>
        <line num="753" count="3" type="stmt"/>
        <line num="754" count="4" type="stmt"/>
        <line num="756" count="3" type="stmt"/>
        <line num="758" count="1" type="stmt"/>
        <line num="759" count="1" type="stmt"/>
        <line num="770" count="2" type="stmt"/>
        <line num="771" count="2" type="stmt"/>
        <line num="772" count="2" type="stmt"/>
        <line num="773" count="2" type="stmt"/>
        <line num="774" count="2" type="stmt"/>
        <line num="775" count="2" type="cond" truecount="2" falsecount="0"/>
        <line num="776" count="1" type="stmt"/>
        <line num="777" count="1" type="stmt"/>
        <line num="779" count="1" type="stmt"/>
        <line num="780" count="1" type="stmt"/>
        <line num="793" count="5" type="stmt"/>
        <line num="798" count="4" type="cond" truecount="2" falsecount="0"/>
        <line num="799" count="2" type="stmt"/>
        <line num="800" count="2" type="stmt"/>
        <line num="801" count="2" type="stmt"/>
        <line num="802" count="2" type="cond" truecount="1" falsecount="1"/>
        <line num="803" count="2" type="stmt"/>
        <line num="805" count="0" type="stmt"/>
        <line num="808" count="0" type="stmt"/>
        <line num="809" count="0" type="stmt"/>
        <line num="812" count="2" type="stmt"/>
        <line num="813" count="2" type="stmt"/>
        <line num="816" count="1" type="stmt"/>
        <line num="817" count="1" type="stmt"/>
        <line num="828" count="10" type="stmt"/>
        <line num="829" count="8" type="cond" truecount="2" falsecount="0"/>
        <line num="830" count="5" type="stmt"/>
        <line num="831" count="5" type="stmt"/>
        <line num="833" count="3" type="stmt"/>
        <line num="834" count="3" type="stmt"/>
        <line num="837" count="2" type="stmt"/>
        <line num="838" count="2" type="stmt"/>
        <line num="849" count="8" type="stmt"/>
        <line num="850" count="6" type="cond" truecount="2" falsecount="0"/>
        <line num="851" count="2" type="stmt"/>
        <line num="852" count="2" type="stmt"/>
        <line num="854" count="4" type="stmt"/>
        <line num="855" count="4" type="stmt"/>
        <line num="858" count="2" type="stmt"/>
        <line num="859" count="2" type="stmt"/>
        <line num="869" count="7" type="stmt"/>
        <line num="870" count="7" type="stmt"/>
        <line num="871" count="7" type="cond" truecount="2" falsecount="0"/>
        <line num="872" count="3" type="stmt"/>
        <line num="873" count="3" type="stmt"/>
        <line num="874" count="3" type="stmt"/>
        <line num="875" count="3" type="stmt"/>
        <line num="876" count="3" type="stmt"/>
        <line num="877" count="3" type="stmt"/>
        <line num="878" count="3" type="cond" truecount="1" falsecount="1"/>
        <line num="879" count="3" type="stmt"/>
        <line num="880" count="3" type="stmt"/>
        <line num="881" count="3" type="stmt"/>
        <line num="883" count="3" type="stmt"/>
        <line num="885" count="0" type="stmt"/>
        <line num="886" count="0" type="stmt"/>
        <line num="889" count="0" type="stmt"/>
        <line num="890" count="0" type="stmt"/>
        <line num="893" count="3" type="stmt"/>
        <line num="895" count="4" type="stmt"/>
        <line num="896" count="4" type="stmt"/>
        <line num="899" count="0" type="stmt"/>
        <line num="900" count="0" type="stmt"/>
        <line num="902" count="7" type="cond" truecount="2" falsecount="0"/>
        <line num="903" count="4" type="stmt"/>
        <line num="905" count="3" type="stmt"/>
        <line num="908" count="7" type="stmt"/>
        <line num="909" count="7" type="cond" truecount="2" falsecount="0"/>
        <line num="910" count="5" type="stmt"/>
        <line num="911" count="5" type="stmt"/>
        <line num="912" count="5" type="cond" truecount="2" falsecount="0"/>
        <line num="913" count="2" type="stmt"/>
        <line num="914" count="2" type="stmt"/>
        <line num="915" count="2" type="stmt"/>
        <line num="916" count="2" type="cond" truecount="1" falsecount="1"/>
        <line num="917" count="2" type="stmt"/>
        <line num="918" count="2" type="stmt"/>
        <line num="919" count="2" type="stmt"/>
        <line num="921" count="2" type="stmt"/>
        <line num="923" count="0" type="stmt"/>
        <line num="924" count="0" type="stmt"/>
        <line num="927" count="0" type="stmt"/>
        <line num="928" count="0" type="stmt"/>
        <line num="933" count="5" type="stmt"/>
        <line num="935" count="2" type="stmt"/>
        <line num="936" count="2" type="stmt"/>
        <line num="939" count="7" type="cond" truecount="2" falsecount="0"/>
        <line num="940" count="2" type="stmt"/>
        <line num="942" count="5" type="stmt"/>
        <line num="944" count="7" type="stmt"/>
        <line num="954" count="15" type="stmt"/>
        <line num="955" count="14" type="cond" truecount="2" falsecount="0"/>
        <line num="956" count="7" type="stmt"/>
        <line num="957" count="7" type="stmt"/>
        <line num="959" count="6" type="stmt"/>
        <line num="960" count="6" type="stmt"/>
        <line num="963" count="2" type="stmt"/>
        <line num="964" count="2" type="stmt"/>
        <line num="975" count="4" type="stmt"/>
        <line num="976" count="3" type="cond" truecount="1" falsecount="1"/>
        <line num="977" count="3" type="stmt"/>
        <line num="978" count="0" type="stmt"/>
        <line num="980" count="3" type="stmt"/>
        <line num="982" count="0" type="stmt"/>
        <line num="985" count="1" type="stmt"/>
        <line num="986" count="1" type="stmt"/>
        <line num="997" count="13" type="stmt"/>
        <line num="998" count="12" type="cond" truecount="1" falsecount="1"/>
        <line num="999" count="12" type="stmt"/>
        <line num="1000" count="1" type="stmt"/>
        <line num="1002" count="12" type="stmt"/>
        <line num="1004" count="0" type="stmt"/>
        <line num="1007" count="1" type="stmt"/>
        <line num="1008" count="1" type="stmt"/>
        <line num="1019" count="8" type="stmt"/>
        <line num="1020" count="7" type="cond" truecount="2" falsecount="0"/>
        <line num="1021" count="2" type="stmt"/>
        <line num="1022" count="2" type="stmt"/>
        <line num="1024" count="5" type="stmt"/>
        <line num="1025" count="5" type="stmt"/>
        <line num="1028" count="1" type="stmt"/>
        <line num="1029" count="1" type="stmt"/>
        <line num="1031" count="8" type="stmt"/>
        <line num="1032" count="7" type="cond" truecount="2" falsecount="0"/>
        <line num="1033" count="2" type="stmt"/>
        <line num="1034" count="2" type="stmt"/>
        <line num="1036" count="5" type="stmt"/>
        <line num="1039" count="1" type="stmt"/>
        <line num="1040" count="1" type="stmt"/>
        <line num="1051" count="3" type="stmt"/>
        <line num="1052" count="3" type="stmt"/>
        <line num="1053" count="3" type="stmt"/>
        <line num="1054" count="3" type="cond" truecount="2" falsecount="0"/>
        <line num="1055" count="1" type="stmt"/>
        <line num="1057" count="2" type="stmt"/>
        <line num="1059" count="3" type="stmt"/>
        <line num="1060" count="3" type="cond" truecount="2" falsecount="0"/>
        <line num="1061" count="1" type="stmt"/>
        <line num="1063" count="2" type="stmt"/>
        <line num="1065" count="3" type="stmt"/>
        <line num="1070" count="2" type="cond" truecount="2" falsecount="0"/>
        <line num="1071" count="1" type="stmt"/>
        <line num="1072" count="1" type="stmt"/>
        <line num="1074" count="1" type="stmt"/>
        <line num="1075" count="1" type="stmt"/>
        <line num="1078" count="1" type="stmt"/>
        <line num="1079" count="1" type="stmt"/>
        <line num="1090" count="3" type="stmt"/>
        <line num="1091" count="3" type="stmt"/>
        <line num="1093" count="3" type="stmt"/>
        <line num="1094" count="3" type="cond" truecount="2" falsecount="0"/>
        <line num="1095" count="1" type="stmt"/>
        <line num="1097" count="2" type="stmt"/>
        <line num="1100" count="3" type="stmt"/>
        <line num="1101" count="3" type="cond" truecount="2" falsecount="0"/>
        <line num="1102" count="1" type="stmt"/>
        <line num="1104" count="2" type="stmt"/>
        <line num="1107" count="3" type="stmt"/>
        <line num="1112" count="2" type="cond" truecount="2" falsecount="0"/>
        <line num="1113" count="1" type="stmt"/>
        <line num="1114" count="1" type="stmt"/>
        <line num="1116" count="1" type="stmt"/>
        <line num="1117" count="1" type="stmt"/>
        <line num="1120" count="1" type="stmt"/>
        <line num="1121" count="1" type="stmt"/>
        <line num="1134" count="3" type="stmt"/>
        <line num="1135" count="3" type="stmt"/>
        <line num="1137" count="2" type="cond" truecount="2" falsecount="0"/>
        <line num="1138" count="1" type="stmt"/>
        <line num="1139" count="1" type="stmt"/>
        <line num="1140" count="1" type="stmt"/>
        <line num="1141" count="1" type="stmt"/>
        <line num="1142" count="1" type="stmt"/>
        <line num="1143" count="1" type="stmt"/>
        <line num="1146" count="1" type="stmt"/>
        <line num="1147" count="1" type="stmt"/>
        <line num="1150" count="1" type="stmt"/>
        <line num="1151" count="1" type="stmt"/>
        <line num="1164" count="10" type="stmt"/>
        <line num="1165" count="10" type="stmt"/>
        <line num="1170" count="9" type="cond" truecount="2" falsecount="0"/>
        <line num="1171" count="1" type="stmt"/>
        <line num="1172" count="1" type="stmt"/>
        <line num="1173" count="1" type="stmt"/>
        <line num="1174" count="1" type="stmt"/>
        <line num="1175" count="1" type="stmt"/>
        <line num="1176" count="1" type="stmt"/>
        <line num="1179" count="8" type="stmt"/>
        <line num="1180" count="8" type="stmt"/>
        <line num="1183" count="1" type="stmt"/>
        <line num="1184" count="1" type="stmt"/>
        <line num="1185" count="1" type="stmt"/>
        <line num="1197" count="3" type="stmt"/>
        <line num="1198" count="2" type="cond" truecount="2" falsecount="0"/>
        <line num="1199" count="1" type="stmt"/>
        <line num="1201" count="1" type="stmt"/>
        <line num="1204" count="1" type="stmt"/>
        <line num="1205" count="1" type="stmt"/>
        <line num="1210" count="3" type="stmt"/>
        <line num="1211" count="2" type="cond" truecount="2" falsecount="0"/>
        <line num="1212" count="1" type="stmt"/>
        <line num="1213" count="1" type="stmt"/>
        <line num="1215" count="1" type="stmt"/>
        <line num="1219" count="1" type="stmt"/>
        <line num="1220" count="1" type="stmt"/>
        <line num="1225" count="3" type="stmt"/>
        <line num="1226" count="3" type="stmt"/>
        <line num="1227" count="3" type="stmt"/>
        <line num="1228" count="2" type="cond" truecount="2" falsecount="0"/>
        <line num="1229" count="1" type="stmt"/>
        <line num="1230" count="1" type="stmt"/>
        <line num="1232" count="1" type="stmt"/>
        <line num="1236" count="1" type="stmt"/>
        <line num="1237" count="1" type="stmt"/>
        <line num="1249" count="4" type="stmt"/>
        <line num="1252" count="2" type="cond" truecount="1" falsecount="1"/>
        <line num="1253" count="2" type="stmt"/>
        <line num="1254" count="2" type="stmt"/>
        <line num="1256" count="0" type="stmt"/>
        <line num="1257" count="0" type="stmt"/>
        <line num="1260" count="2" type="stmt"/>
        <line num="1261" count="2" type="stmt"/>
        <line num="1270" count="4" type="stmt"/>
        <line num="1271" count="3" type="cond" truecount="2" falsecount="0"/>
        <line num="1272" count="1" type="stmt"/>
        <line num="1273" count="0" type="stmt"/>
        <line num="1275" count="2" type="stmt"/>
        <line num="1276" count="2" type="stmt"/>
        <line num="1279" count="2" type="stmt"/>
        <line num="1280" count="2" type="stmt"/>
        <line num="1284" count="1" type="stmt"/>
      </file>
      <file name="tables.js" path="C:\Users\deney\Documents\Unif\BAC 2\Q1\LINFO1212 - Projet d'approfondissement en Sciences Informatiques\APPR_PF08\site\tables.js">
        <metrics statements="8" coveredstatements="8" conditionals="0" coveredconditionals="0" methods="0" coveredmethods="0"/>
        <line num="1" count="1" type="stmt"/>
        <line num="2" count="1" type="stmt"/>
        <line num="19" count="1" type="stmt"/>
        <line num="66" count="1" type="stmt"/>
        <line num="129" count="1" type="stmt"/>
        <line num="188" count="1" type="stmt"/>
        <line num="226" count="1" type="stmt"/>
        <line num="251" count="1" type="stmt"/>
      </file>
    </package>
    <package name="site.utils">
      <metrics statements="6" coveredstatements="6" conditionals="0" coveredconditionals="0" methods="1" coveredmethods="1"/>
      <file name="randomString.js" path="C:\Users\deney\Documents\Unif\BAC 2\Q1\LINFO1212 - Projet d'approfondissement en Sciences Informatiques\APPR_PF08\site\utils\randomString.js">
        <metrics statements="6" coveredstatements="6" conditionals="0" coveredconditionals="0" methods="1" coveredmethods="1"/>
        <line num="2" count="72" type="stmt"/>
        <line num="3" count="72" type="stmt"/>
        <line num="4" count="72" type="stmt"/>
        <line num="5" count="720" type="stmt"/>
        <line num="7" count="72" type="stmt"/>
        <line num="10" count="1" type="stmt"/>
      </file>
    </package>
  </project>
</coverage>
