<?xml version="1.0" encoding="UTF-8"?>
<coverage generated="1671309471436" clover="3.2.0">
  <project timestamp="1671309471436" name="All files">
    <metrics statements="521" coveredstatements="479" conditionals="136" coveredconditionals="120" methods="153" coveredmethods="144" elements="810" coveredelements="743" complexity="0" loc="521" ncloc="521" packages="2" files="3" classes="3"/>
    <package name="site">
      <metrics statements="515" coveredstatements="473" conditionals="136" coveredconditionals="120" methods="152" coveredmethods="143"/>
      <file name="database.js" path="/home/gaecko/Documents/UCL/BAC 2/Q1/LINFO1212 - Projet d'approfondissement en Sciences Informatiques/APPR_PF08/site/database.js">
        <metrics statements="507" coveredstatements="465" conditionals="136" coveredconditionals="120" methods="152" coveredmethods="143"/>
        <line num="1" count="1" type="stmt"/>
        <line num="3" count="1" type="stmt"/>
        <line num="13" count="20" type="stmt"/>
        <line num="14" count="19" type="cond" truecount="2" falsecount="0"/>
        <line num="15" count="18" type="stmt"/>
        <line num="17" count="1" type="stmt"/>
        <line num="18" count="1" type="stmt"/>
        <line num="22" count="1" type="stmt"/>
        <line num="23" count="1" type="stmt"/>
        <line num="34" count="5" type="stmt"/>
        <line num="35" count="3" type="cond" truecount="1" falsecount="1"/>
        <line num="36" count="3" type="stmt"/>
        <line num="37" count="1" type="stmt"/>
        <line num="39" count="3" type="stmt"/>
        <line num="41" count="0" type="stmt"/>
        <line num="42" count="0" type="stmt"/>
        <line num="45" count="2" type="stmt"/>
        <line num="46" count="2" type="stmt"/>
        <line num="56" count="6" type="stmt"/>
        <line num="57" count="5" type="cond" truecount="2" falsecount="0"/>
        <line num="58" count="4" type="stmt"/>
        <line num="60" count="1" type="stmt"/>
        <line num="61" count="1" type="stmt"/>
        <line num="64" count="1" type="stmt"/>
        <line num="65" count="1" type="stmt"/>
        <line num="75" count="21" type="stmt"/>
        <line num="76" count="20" type="cond" truecount="2" falsecount="0"/>
        <line num="77" count="19" type="stmt"/>
        <line num="79" count="1" type="stmt"/>
        <line num="80" count="1" type="stmt"/>
        <line num="83" count="1" type="stmt"/>
        <line num="84" count="1" type="stmt"/>
        <line num="97" count="18" type="stmt"/>
        <line num="104" count="17" type="stmt"/>
        <line num="105" count="17" type="stmt"/>
        <line num="107" count="1" type="stmt"/>
        <line num="108" count="1" type="stmt"/>
        <line num="119" count="4" type="cond" truecount="2" falsecount="0"/>
        <line num="120" count="1" type="stmt"/>
        <line num="121" count="1" type="stmt"/>
        <line num="123" count="3" type="stmt"/>
        <line num="124" count="2" type="cond" truecount="2" falsecount="0"/>
        <line num="125" count="1" type="stmt"/>
        <line num="126" count="1" type="stmt"/>
        <line num="128" count="1" type="stmt"/>
        <line num="129" count="1" type="stmt"/>
        <line num="132" count="1" type="stmt"/>
        <line num="133" count="1" type="stmt"/>
        <line num="143" count="3" type="stmt"/>
        <line num="144" count="2" type="cond" truecount="2" falsecount="0"/>
        <line num="145" count="1" type="stmt"/>
        <line num="146" count="1" type="stmt"/>
        <line num="148" count="1" type="stmt"/>
        <line num="149" count="1" type="stmt"/>
        <line num="152" count="1" type="stmt"/>
        <line num="153" count="1" type="stmt"/>
        <line num="163" count="4" type="stmt"/>
        <line num="164" count="3" type="cond" truecount="1" falsecount="1"/>
        <line num="165" count="0" type="stmt"/>
        <line num="166" count="0" type="stmt"/>
        <line num="168" count="3" type="stmt"/>
        <line num="169" count="3" type="stmt"/>
        <line num="172" count="1" type="stmt"/>
        <line num="173" count="1" type="stmt"/>
        <line num="186" count="3" type="stmt"/>
        <line num="187" count="2" type="cond" truecount="2" falsecount="0"/>
        <line num="188" count="1" type="stmt"/>
        <line num="189" count="1" type="stmt"/>
        <line num="191" count="1" type="stmt"/>
        <line num="192" count="1" type="stmt"/>
        <line num="195" count="1" type="stmt"/>
        <line num="196" count="1" type="stmt"/>
        <line num="209" count="3" type="stmt"/>
        <line num="210" count="2" type="cond" truecount="2" falsecount="0"/>
        <line num="211" count="1" type="stmt"/>
        <line num="212" count="1" type="stmt"/>
        <line num="214" count="1" type="stmt"/>
        <line num="215" count="1" type="stmt"/>
        <line num="218" count="1" type="stmt"/>
        <line num="219" count="1" type="stmt"/>
        <line num="232" count="3" type="stmt"/>
        <line num="233" count="2" type="cond" truecount="2" falsecount="0"/>
        <line num="234" count="1" type="stmt"/>
        <line num="235" count="1" type="stmt"/>
        <line num="237" count="1" type="stmt"/>
        <line num="238" count="1" type="stmt"/>
        <line num="241" count="1" type="stmt"/>
        <line num="242" count="1" type="stmt"/>
        <line num="253" count="3" type="stmt"/>
        <line num="254" count="2" type="cond" truecount="2" falsecount="0"/>
        <line num="255" count="1" type="stmt"/>
        <line num="256" count="1" type="stmt"/>
        <line num="258" count="1" type="stmt"/>
        <line num="259" count="1" type="stmt"/>
        <line num="262" count="1" type="stmt"/>
        <line num="263" count="1" type="stmt"/>
        <line num="274" count="3" type="stmt"/>
        <line num="275" count="2" type="cond" truecount="2" falsecount="0"/>
        <line num="276" count="1" type="stmt"/>
        <line num="277" count="1" type="stmt"/>
        <line num="279" count="1" type="stmt"/>
        <line num="280" count="1" type="stmt"/>
        <line num="283" count="1" type="stmt"/>
        <line num="284" count="1" type="stmt"/>
        <line num="297" count="5" type="stmt"/>
        <line num="298" count="3" type="cond" truecount="2" falsecount="0"/>
        <line num="299" count="1" type="stmt"/>
        <line num="300" count="1" type="stmt"/>
        <line num="302" count="2" type="stmt"/>
        <line num="303" count="2" type="stmt"/>
        <line num="306" count="2" type="stmt"/>
        <line num="307" count="2" type="stmt"/>
        <line num="312" count="7" type="stmt"/>
        <line num="313" count="6" type="cond" truecount="1" falsecount="1"/>
        <line num="314" count="6" type="stmt"/>
        <line num="315" count="1" type="stmt"/>
        <line num="317" count="6" type="stmt"/>
        <line num="319" count="0" type="stmt"/>
        <line num="322" count="1" type="stmt"/>
        <line num="323" count="1" type="stmt"/>
        <line num="328" count="5" type="stmt"/>
        <line num="329" count="5" type="stmt"/>
        <line num="334" count="4" type="cond" truecount="1" falsecount="1"/>
        <line num="335" count="4" type="stmt"/>
        <line num="336" count="4" type="stmt"/>
        <line num="337" count="5" type="stmt"/>
        <line num="338" count="5" type="stmt"/>
        <line num="339" count="5" type="stmt"/>
        <line num="341" count="4" type="stmt"/>
        <line num="343" count="0" type="stmt"/>
        <line num="344" count="0" type="stmt"/>
        <line num="347" count="1" type="stmt"/>
        <line num="348" count="1" type="stmt"/>
        <line num="364" count="15" type="stmt"/>
        <line num="365" count="13" type="cond" truecount="2" falsecount="0"/>
        <line num="366" count="12" type="stmt"/>
        <line num="367" count="12" type="stmt"/>
        <line num="368" count="12" type="stmt"/>
        <line num="369" count="12" type="stmt"/>
        <line num="370" count="12" type="stmt"/>
        <line num="371" count="12" type="stmt"/>
        <line num="373" count="1" type="stmt"/>
        <line num="374" count="1" type="stmt"/>
        <line num="378" count="2" type="stmt"/>
        <line num="379" count="2" type="stmt"/>
        <line num="396" count="7" type="stmt"/>
        <line num="406" count="4" type="stmt"/>
        <line num="407" count="4" type="stmt"/>
        <line num="409" count="3" type="stmt"/>
        <line num="427" count="2" type="stmt"/>
        <line num="436" count="2" type="cond" truecount="1" falsecount="1"/>
        <line num="437" count="0" type="stmt"/>
        <line num="438" count="0" type="stmt"/>
        <line num="440" count="2" type="stmt"/>
        <line num="441" count="2" type="stmt"/>
        <line num="444" count="0" type="stmt"/>
        <line num="445" count="0" type="stmt"/>
        <line num="456" count="2" type="stmt"/>
        <line num="458" count="2" type="stmt"/>
        <line num="459" count="2" type="cond" truecount="2" falsecount="0"/>
        <line num="460" count="1" type="stmt"/>
        <line num="461" count="3" type="stmt"/>
        <line num="462" count="3" type="stmt"/>
        <line num="463" count="3" type="stmt"/>
        <line num="468" count="1" type="stmt"/>
        <line num="469" count="1" type="stmt"/>
        <line num="471" count="1" type="stmt"/>
        <line num="472" count="1" type="stmt"/>
        <line num="475" count="0" type="stmt"/>
        <line num="476" count="0" type="stmt"/>
        <line num="489" count="3" type="stmt"/>
        <line num="491" count="2" type="cond" truecount="2" falsecount="0"/>
        <line num="492" count="1" type="stmt"/>
        <line num="493" count="1" type="stmt"/>
        <line num="495" count="1" type="stmt"/>
        <line num="496" count="1" type="stmt"/>
        <line num="499" count="1" type="stmt"/>
        <line num="500" count="1" type="stmt"/>
        <line num="511" count="3" type="stmt"/>
        <line num="512" count="2" type="cond" truecount="2" falsecount="0"/>
        <line num="513" count="1" type="stmt"/>
        <line num="515" count="1" type="stmt"/>
        <line num="516" count="1" type="stmt"/>
        <line num="519" count="1" type="stmt"/>
        <line num="520" count="1" type="stmt"/>
        <line num="531" count="10" type="stmt"/>
        <line num="532" count="8" type="cond" truecount="2" falsecount="0"/>
        <line num="533" count="6" type="stmt"/>
        <line num="534" count="6" type="stmt"/>
        <line num="536" count="2" type="stmt"/>
        <line num="537" count="2" type="stmt"/>
        <line num="540" count="2" type="stmt"/>
        <line num="541" count="2" type="stmt"/>
        <line num="563" count="3" type="cond" truecount="1" falsecount="1"/>
        <line num="564" count="0" type="stmt"/>
        <line num="566" count="3" type="stmt"/>
        <line num="568" count="1" type="stmt"/>
        <line num="569" count="1" type="stmt"/>
        <line num="571" count="1" type="stmt"/>
        <line num="572" count="1" type="stmt"/>
        <line num="574" count="1" type="stmt"/>
        <line num="576" count="1" type="stmt"/>
        <line num="577" count="1" type="stmt"/>
        <line num="579" count="1" type="stmt"/>
        <line num="582" count="1" type="stmt"/>
        <line num="585" count="1" type="stmt"/>
        <line num="586" count="1" type="stmt"/>
        <line num="587" count="1" type="stmt"/>
        <line num="589" count="2" type="stmt"/>
        <line num="590" count="2" type="stmt"/>
        <line num="591" count="2" type="stmt"/>
        <line num="592" count="2" type="stmt"/>
        <line num="593" count="2" type="cond" truecount="3" falsecount="1"/>
        <line num="594" count="2" type="stmt"/>
        <line num="596" count="2" type="stmt"/>
        <line num="597" count="2" type="stmt"/>
        <line num="599" count="1" type="stmt"/>
        <line num="601" count="0" type="stmt"/>
        <line num="604" count="1" type="stmt"/>
        <line num="606" count="1" type="stmt"/>
        <line num="624" count="11" type="cond" truecount="4" falsecount="0"/>
        <line num="625" count="3" type="stmt"/>
        <line num="627" count="11" type="stmt"/>
        <line num="628" count="11" type="stmt"/>
        <line num="629" count="11" type="stmt"/>
        <line num="630" count="11" type="cond" truecount="2" falsecount="0"/>
        <line num="631" count="5" type="stmt"/>
        <line num="635" count="11" type="stmt"/>
        <line num="641" count="10" type="cond" truecount="1" falsecount="1"/>
        <line num="642" count="10" type="stmt"/>
        <line num="643" count="10" type="stmt"/>
        <line num="645" count="0" type="stmt"/>
        <line num="646" count="0" type="stmt"/>
        <line num="649" count="1" type="stmt"/>
        <line num="650" count="1" type="stmt"/>
        <line num="652" count="11" type="cond" truecount="2" falsecount="0"/>
        <line num="653" count="1" type="stmt"/>
        <line num="654" count="1" type="stmt"/>
        <line num="656" count="10" type="cond" truecount="2" falsecount="0"/>
        <line num="657" count="6" type="stmt"/>
        <line num="659" count="4" type="stmt"/>
        <line num="662" count="10" type="stmt"/>
        <line num="663" count="10" type="cond" truecount="1" falsecount="1"/>
        <line num="664" count="10" type="stmt"/>
        <line num="665" count="10" type="stmt"/>
        <line num="667" count="0" type="stmt"/>
        <line num="668" count="0" type="stmt"/>
        <line num="671" count="0" type="stmt"/>
        <line num="672" count="0" type="stmt"/>
        <line num="674" count="10" type="stmt"/>
        <line num="696" count="17" type="stmt"/>
        <line num="702" count="3" type="cond" truecount="1" falsecount="1"/>
        <line num="703" count="3" type="stmt"/>
        <line num="704" count="3" type="stmt"/>
        <line num="706" count="0" type="stmt"/>
        <line num="707" count="0" type="stmt"/>
        <line num="710" count="14" type="stmt"/>
        <line num="711" count="14" type="stmt"/>
        <line num="726" count="7" type="stmt"/>
        <line num="727" count="4" type="stmt"/>
        <line num="728" count="4" type="stmt"/>
        <line num="730" count="7" type="stmt"/>
        <line num="731" count="6" type="cond" truecount="2" falsecount="0"/>
        <line num="732" count="2" type="stmt"/>
        <line num="733" count="2" type="stmt"/>
        <line num="735" count="4" type="stmt"/>
        <line num="736" count="4" type="stmt"/>
        <line num="739" count="1" type="stmt"/>
        <line num="740" count="1" type="stmt"/>
        <line num="751" count="4" type="stmt"/>
        <line num="752" count="3" type="stmt"/>
        <line num="753" count="3" type="stmt"/>
        <line num="754" count="4" type="stmt"/>
        <line num="756" count="3" type="stmt"/>
        <line num="758" count="1" type="stmt"/>
        <line num="759" count="1" type="stmt"/>
        <line num="770" count="2" type="stmt"/>
        <line num="771" count="2" type="stmt"/>
        <line num="772" count="2" type="stmt"/>
        <line num="773" count="2" type="stmt"/>
        <line num="774" count="2" type="stmt"/>
        <line num="775" count="2" type="cond" truecount="2" falsecount="0"/>
        <line num="776" count="1" type="stmt"/>
        <line num="777" count="1" type="stmt"/>
        <line num="779" count="1" type="stmt"/>
        <line num="780" count="1" type="stmt"/>
        <line num="792" count="5" type="stmt"/>
        <line num="797" count="4" type="cond" truecount="2" falsecount="0"/>
        <line num="798" count="2" type="stmt"/>
        <line num="799" count="2" type="stmt"/>
        <line num="800" count="2" type="stmt"/>
        <line num="801" count="2" type="cond" truecount="1" falsecount="1"/>
        <line num="802" count="2" type="stmt"/>
        <line num="804" count="0" type="stmt"/>
        <line num="807" count="0" type="stmt"/>
        <line num="808" count="0" type="stmt"/>
        <line num="811" count="2" type="stmt"/>
        <line num="812" count="2" type="stmt"/>
        <line num="815" count="1" type="stmt"/>
        <line num="816" count="1" type="stmt"/>
        <line num="827" count="10" type="stmt"/>
        <line num="828" count="8" type="cond" truecount="2" falsecount="0"/>
        <line num="829" count="5" type="stmt"/>
        <line num="830" count="5" type="stmt"/>
        <line num="832" count="3" type="stmt"/>
        <line num="833" count="3" type="stmt"/>
        <line num="836" count="2" type="stmt"/>
        <line num="837" count="2" type="stmt"/>
        <line num="848" count="8" type="stmt"/>
        <line num="849" count="6" type="cond" truecount="2" falsecount="0"/>
        <line num="850" count="2" type="stmt"/>
        <line num="851" count="2" type="stmt"/>
        <line num="853" count="4" type="stmt"/>
        <line num="854" count="4" type="stmt"/>
        <line num="857" count="2" type="stmt"/>
        <line num="858" count="2" type="stmt"/>
        <line num="868" count="7" type="stmt"/>
        <line num="869" count="7" type="stmt"/>
        <line num="870" count="7" type="cond" truecount="2" falsecount="0"/>
        <line num="871" count="3" type="stmt"/>
        <line num="872" count="3" type="stmt"/>
        <line num="873" count="3" type="stmt"/>
        <line num="874" count="3" type="stmt"/>
        <line num="875" count="3" type="stmt"/>
        <line num="876" count="3" type="stmt"/>
        <line num="877" count="3" type="cond" truecount="1" falsecount="1"/>
        <line num="878" count="3" type="stmt"/>
        <line num="879" count="3" type="stmt"/>
        <line num="880" count="3" type="stmt"/>
        <line num="882" count="3" type="stmt"/>
        <line num="884" count="0" type="stmt"/>
        <line num="885" count="0" type="stmt"/>
        <line num="888" count="0" type="stmt"/>
        <line num="889" count="0" type="stmt"/>
        <line num="892" count="3" type="stmt"/>
        <line num="894" count="4" type="stmt"/>
        <line num="895" count="4" type="stmt"/>
        <line num="898" count="0" type="stmt"/>
        <line num="899" count="0" type="stmt"/>
        <line num="901" count="7" type="cond" truecount="2" falsecount="0"/>
        <line num="902" count="4" type="stmt"/>
        <line num="904" count="3" type="stmt"/>
        <line num="907" count="7" type="stmt"/>
        <line num="908" count="7" type="cond" truecount="2" falsecount="0"/>
        <line num="909" count="5" type="stmt"/>
        <line num="910" count="5" type="stmt"/>
        <line num="911" count="5" type="cond" truecount="2" falsecount="0"/>
        <line num="912" count="2" type="stmt"/>
        <line num="913" count="2" type="stmt"/>
        <line num="914" count="2" type="stmt"/>
        <line num="915" count="2" type="cond" truecount="1" falsecount="1"/>
        <line num="916" count="2" type="stmt"/>
        <line num="917" count="2" type="stmt"/>
        <line num="918" count="2" type="stmt"/>
        <line num="920" count="2" type="stmt"/>
        <line num="922" count="0" type="stmt"/>
        <line num="923" count="0" type="stmt"/>
        <line num="926" count="0" type="stmt"/>
        <line num="927" count="0" type="stmt"/>
        <line num="932" count="5" type="stmt"/>
        <line num="934" count="2" type="stmt"/>
        <line num="935" count="2" type="stmt"/>
        <line num="938" count="7" type="cond" truecount="2" falsecount="0"/>
        <line num="939" count="2" type="stmt"/>
        <line num="941" count="5" type="stmt"/>
        <line num="943" count="7" type="stmt"/>
        <line num="953" count="15" type="stmt"/>
        <line num="954" count="14" type="cond" truecount="2" falsecount="0"/>
        <line num="955" count="7" type="stmt"/>
        <line num="956" count="7" type="stmt"/>
        <line num="958" count="6" type="stmt"/>
        <line num="959" count="6" type="stmt"/>
        <line num="962" count="2" type="stmt"/>
        <line num="963" count="2" type="stmt"/>
        <line num="974" count="4" type="stmt"/>
        <line num="975" count="3" type="cond" truecount="1" falsecount="1"/>
        <line num="976" count="3" type="stmt"/>
        <line num="977" count="0" type="stmt"/>
        <line num="979" count="3" type="stmt"/>
        <line num="981" count="0" type="stmt"/>
        <line num="984" count="1" type="stmt"/>
        <line num="985" count="1" type="stmt"/>
        <line num="996" count="13" type="stmt"/>
        <line num="997" count="12" type="cond" truecount="1" falsecount="1"/>
        <line num="998" count="12" type="stmt"/>
        <line num="999" count="1" type="stmt"/>
        <line num="1001" count="12" type="stmt"/>
        <line num="1003" count="0" type="stmt"/>
        <line num="1006" count="1" type="stmt"/>
        <line num="1007" count="1" type="stmt"/>
        <line num="1018" count="8" type="stmt"/>
        <line num="1019" count="7" type="cond" truecount="2" falsecount="0"/>
        <line num="1020" count="2" type="stmt"/>
        <line num="1021" count="2" type="stmt"/>
        <line num="1023" count="5" type="stmt"/>
        <line num="1024" count="5" type="stmt"/>
        <line num="1027" count="1" type="stmt"/>
        <line num="1028" count="1" type="stmt"/>
        <line num="1030" count="8" type="stmt"/>
        <line num="1031" count="7" type="cond" truecount="2" falsecount="0"/>
        <line num="1032" count="2" type="stmt"/>
        <line num="1033" count="2" type="stmt"/>
        <line num="1035" count="5" type="stmt"/>
        <line num="1038" count="1" type="stmt"/>
        <line num="1039" count="1" type="stmt"/>
        <line num="1050" count="3" type="stmt"/>
        <line num="1051" count="3" type="stmt"/>
        <line num="1052" count="3" type="stmt"/>
        <line num="1053" count="3" type="cond" truecount="2" falsecount="0"/>
        <line num="1054" count="1" type="stmt"/>
        <line num="1056" count="2" type="stmt"/>
        <line num="1058" count="3" type="stmt"/>
        <line num="1059" count="3" type="cond" truecount="2" falsecount="0"/>
        <line num="1060" count="1" type="stmt"/>
        <line num="1062" count="2" type="stmt"/>
        <line num="1064" count="3" type="stmt"/>
        <line num="1069" count="2" type="cond" truecount="2" falsecount="0"/>
        <line num="1070" count="1" type="stmt"/>
        <line num="1071" count="1" type="stmt"/>
        <line num="1073" count="1" type="stmt"/>
        <line num="1074" count="1" type="stmt"/>
        <line num="1077" count="1" type="stmt"/>
        <line num="1078" count="1" type="stmt"/>
        <line num="1089" count="3" type="stmt"/>
        <line num="1090" count="3" type="stmt"/>
        <line num="1092" count="3" type="stmt"/>
        <line num="1093" count="3" type="cond" truecount="2" falsecount="0"/>
        <line num="1094" count="1" type="stmt"/>
        <line num="1096" count="2" type="stmt"/>
        <line num="1099" count="3" type="stmt"/>
        <line num="1100" count="3" type="cond" truecount="2" falsecount="0"/>
        <line num="1101" count="1" type="stmt"/>
        <line num="1103" count="2" type="stmt"/>
        <line num="1106" count="3" type="stmt"/>
        <line num="1111" count="2" type="cond" truecount="2" falsecount="0"/>
        <line num="1112" count="1" type="stmt"/>
        <line num="1113" count="1" type="stmt"/>
        <line num="1115" count="1" type="stmt"/>
        <line num="1116" count="1" type="stmt"/>
        <line num="1119" count="1" type="stmt"/>
        <line num="1120" count="1" type="stmt"/>
        <line num="1133" count="3" type="stmt"/>
        <line num="1134" count="3" type="stmt"/>
        <line num="1136" count="2" type="cond" truecount="2" falsecount="0"/>
        <line num="1137" count="1" type="stmt"/>
        <line num="1138" count="1" type="stmt"/>
        <line num="1139" count="1" type="stmt"/>
        <line num="1140" count="1" type="stmt"/>
        <line num="1141" count="1" type="stmt"/>
        <line num="1142" count="1" type="stmt"/>
        <line num="1145" count="1" type="stmt"/>
        <line num="1146" count="1" type="stmt"/>
        <line num="1149" count="1" type="stmt"/>
        <line num="1150" count="1" type="stmt"/>
        <line num="1163" count="10" type="stmt"/>
        <line num="1164" count="10" type="stmt"/>
        <line num="1169" count="9" type="cond" truecount="2" falsecount="0"/>
        <line num="1170" count="1" type="stmt"/>
        <line num="1171" count="1" type="stmt"/>
        <line num="1172" count="1" type="stmt"/>
        <line num="1173" count="1" type="stmt"/>
        <line num="1174" count="1" type="stmt"/>
        <line num="1175" count="1" type="stmt"/>
        <line num="1178" count="8" type="stmt"/>
        <line num="1179" count="8" type="stmt"/>
        <line num="1182" count="1" type="stmt"/>
        <line num="1183" count="1" type="stmt"/>
        <line num="1184" count="1" type="stmt"/>
        <line num="1196" count="3" type="stmt"/>
        <line num="1197" count="2" type="cond" truecount="2" falsecount="0"/>
        <line num="1198" count="1" type="stmt"/>
        <line num="1200" count="1" type="stmt"/>
        <line num="1203" count="1" type="stmt"/>
        <line num="1204" count="1" type="stmt"/>
        <line num="1209" count="3" type="stmt"/>
        <line num="1210" count="2" type="cond" truecount="2" falsecount="0"/>
        <line num="1211" count="1" type="stmt"/>
        <line num="1212" count="1" type="stmt"/>
        <line num="1214" count="1" type="stmt"/>
        <line num="1218" count="1" type="stmt"/>
        <line num="1219" count="1" type="stmt"/>
        <line num="1224" count="3" type="stmt"/>
        <line num="1225" count="3" type="stmt"/>
        <line num="1226" count="3" type="stmt"/>
        <line num="1227" count="2" type="cond" truecount="2" falsecount="0"/>
        <line num="1228" count="1" type="stmt"/>
        <line num="1229" count="1" type="stmt"/>
        <line num="1231" count="1" type="stmt"/>
        <line num="1235" count="1" type="stmt"/>
        <line num="1236" count="1" type="stmt"/>
        <line num="1248" count="4" type="stmt"/>
        <line num="1251" count="2" type="cond" truecount="1" falsecount="1"/>
        <line num="1252" count="2" type="stmt"/>
        <line num="1253" count="2" type="stmt"/>
        <line num="1255" count="0" type="stmt"/>
        <line num="1256" count="0" type="stmt"/>
        <line num="1259" count="2" type="stmt"/>
        <line num="1260" count="2" type="stmt"/>
        <line num="1269" count="4" type="stmt"/>
        <line num="1270" count="3" type="cond" truecount="2" falsecount="0"/>
        <line num="1271" count="1" type="stmt"/>
        <line num="1272" count="0" type="stmt"/>
        <line num="1274" count="2" type="stmt"/>
        <line num="1275" count="2" type="stmt"/>
        <line num="1278" count="2" type="stmt"/>
        <line num="1279" count="2" type="stmt"/>
        <line num="1283" count="1" type="stmt"/>
      </file>
      <file name="tables.js" path="/home/gaecko/Documents/UCL/BAC 2/Q1/LINFO1212 - Projet d'approfondissement en Sciences Informatiques/APPR_PF08/site/tables.js">
        <metrics statements="8" coveredstatements="8" conditionals="0" coveredconditionals="0" methods="0" coveredmethods="0"/>
        <line num="1" count="1" type="stmt"/>
        <line num="2" count="1" type="stmt"/>
        <line num="19" count="1" type="stmt"/>
        <line num="66" count="1" type="stmt"/>
        <line num="129" count="1" type="stmt"/>
        <line num="188" count="1" type="stmt"/>
        <line num="226" count="1" type="stmt"/>
        <line num="251" count="1" type="stmt"/>
      </file>
    </package>
    <package name="site.utils">
      <metrics statements="6" coveredstatements="6" conditionals="0" coveredconditionals="0" methods="1" coveredmethods="1"/>
      <file name="randomString.js" path="/home/gaecko/Documents/UCL/BAC 2/Q1/LINFO1212 - Projet d'approfondissement en Sciences Informatiques/APPR_PF08/site/utils/randomString.js">
        <metrics statements="6" coveredstatements="6" conditionals="0" coveredconditionals="0" methods="1" coveredmethods="1"/>
        <line num="2" count="72" type="stmt"/>
        <line num="3" count="72" type="stmt"/>
        <line num="4" count="72" type="stmt"/>
        <line num="5" count="720" type="stmt"/>
        <line num="7" count="72" type="stmt"/>
        <line num="10" count="1" type="stmt"/>
      </file>
    </package>
  </project>
</coverage>
