{"C:\\Users\\deney\\Documents\\Unif\\BAC 2\\Q1\\LINFO1212 - Projet d'approfondissement en Sciences Informatiques\\APPR_PF08\\site\\database.js": {"path":"C:\\Users\\deney\\Documents\\Unif\\BAC 2\\Q1\\LINFO1212 - Projet d'approfondissement en Sciences Informatiques\\APPR_PF08\\site\\database.js","statementMap":{"0":{"start":{"line":1,"column":44},"end":{"line":1,"column":63}},"1":{"start":{"line":3,"column":13},"end":{"line":3,"column":33}},"2":{"start":{"line":13,"column":4},"end":{"line":24,"column":6}},"3":{"start":{"line":14,"column":8},"end":{"line":19,"column":9}},"4":{"start":{"line":15,"column":12},"end":{"line":15,"column":34}},"5":{"start":{"line":17,"column":12},"end":{"line":17,"column":41}},"6":{"start":{"line":18,"column":12},"end":{"line":18,"column":24}},"7":{"start":{"line":22,"column":8},"end":{"line":22,"column":72}},"8":{"start":{"line":23,"column":8},"end":{"line":23,"column":21}},"9":{"start":{"line":34,"column":4},"end":{"line":47,"column":6}},"10":{"start":{"line":35,"column":8},"end":{"line":43,"column":9}},"11":{"start":{"line":36,"column":12},"end":{"line":38,"column":13}},"12":{"start":{"line":36,"column":25},"end":{"line":36,"column":26}},"13":{"start":{"line":37,"column":16},"end":{"line":37,"column":57}},"14":{"start":{"line":39,"column":12},"end":{"line":39,"column":22}},"15":{"start":{"line":41,"column":12},"end":{"line":41,"column":58}},"16":{"start":{"line":42,"column":12},"end":{"line":42,"column":24}},"17":{"start":{"line":45,"column":8},"end":{"line":45,"column":81}},"18":{"start":{"line":46,"column":8},"end":{"line":46,"column":20}},"19":{"start":{"line":56,"column":4},"end":{"line":66,"column":6}},"20":{"start":{"line":57,"column":8},"end":{"line":62,"column":9}},"21":{"start":{"line":58,"column":12},"end":{"line":58,"column":36}},"22":{"start":{"line":60,"column":12},"end":{"line":60,"column":63}},"23":{"start":{"line":61,"column":12},"end":{"line":61,"column":24}},"24":{"start":{"line":64,"column":8},"end":{"line":64,"column":63}},"25":{"start":{"line":65,"column":8},"end":{"line":65,"column":20}},"26":{"start":{"line":75,"column":4},"end":{"line":85,"column":6}},"27":{"start":{"line":76,"column":8},"end":{"line":81,"column":9}},"28":{"start":{"line":77,"column":12},"end":{"line":77,"column":42}},"29":{"start":{"line":79,"column":12},"end":{"line":79,"column":63}},"30":{"start":{"line":80,"column":12},"end":{"line":80,"column":24}},"31":{"start":{"line":83,"column":8},"end":{"line":83,"column":63}},"32":{"start":{"line":84,"column":8},"end":{"line":84,"column":20}},"33":{"start":{"line":97,"column":4},"end":{"line":109,"column":6}},"34":{"start":{"line":104,"column":8},"end":{"line":104,"column":63}},"35":{"start":{"line":105,"column":8},"end":{"line":105,"column":20}},"36":{"start":{"line":107,"column":8},"end":{"line":107,"column":52}},"37":{"start":{"line":108,"column":8},"end":{"line":108,"column":21}},"38":{"start":{"line":119,"column":4},"end":{"line":122,"column":5}},"39":{"start":{"line":120,"column":8},"end":{"line":120,"column":40}},"40":{"start":{"line":121,"column":8},"end":{"line":121,"column":21}},"41":{"start":{"line":123,"column":4},"end":{"line":134,"column":6}},"42":{"start":{"line":124,"column":8},"end":{"line":130,"column":9}},"43":{"start":{"line":125,"column":12},"end":{"line":125,"column":70}},"44":{"start":{"line":126,"column":12},"end":{"line":126,"column":23}},"45":{"start":{"line":128,"column":12},"end":{"line":128,"column":64}},"46":{"start":{"line":129,"column":12},"end":{"line":129,"column":24}},"47":{"start":{"line":132,"column":8},"end":{"line":132,"column":53}},"48":{"start":{"line":133,"column":8},"end":{"line":133,"column":20}},"49":{"start":{"line":143,"column":4},"end":{"line":154,"column":6}},"50":{"start":{"line":144,"column":8},"end":{"line":150,"column":9}},"51":{"start":{"line":145,"column":12},"end":{"line":145,"column":40}},"52":{"start":{"line":146,"column":12},"end":{"line":146,"column":23}},"53":{"start":{"line":148,"column":12},"end":{"line":148,"column":44}},"54":{"start":{"line":149,"column":12},"end":{"line":149,"column":24}},"55":{"start":{"line":152,"column":8},"end":{"line":152,"column":79}},"56":{"start":{"line":153,"column":8},"end":{"line":153,"column":20}},"57":{"start":{"line":163,"column":4},"end":{"line":174,"column":6}},"58":{"start":{"line":164,"column":8},"end":{"line":170,"column":9}},"59":{"start":{"line":165,"column":12},"end":{"line":165,"column":42}},"60":{"start":{"line":166,"column":12},"end":{"line":166,"column":23}},"61":{"start":{"line":168,"column":12},"end":{"line":168,"column":46}},"62":{"start":{"line":169,"column":12},"end":{"line":169,"column":24}},"63":{"start":{"line":172,"column":8},"end":{"line":172,"column":79}},"64":{"start":{"line":173,"column":8},"end":{"line":173,"column":20}},"65":{"start":{"line":186,"column":4},"end":{"line":197,"column":6}},"66":{"start":{"line":187,"column":8},"end":{"line":193,"column":9}},"67":{"start":{"line":188,"column":12},"end":{"line":188,"column":76}},"68":{"start":{"line":189,"column":12},"end":{"line":189,"column":23}},"69":{"start":{"line":191,"column":12},"end":{"line":191,"column":93}},"70":{"start":{"line":192,"column":12},"end":{"line":192,"column":24}},"71":{"start":{"line":195,"column":8},"end":{"line":195,"column":84}},"72":{"start":{"line":196,"column":8},"end":{"line":196,"column":20}},"73":{"start":{"line":209,"column":4},"end":{"line":220,"column":6}},"74":{"start":{"line":210,"column":8},"end":{"line":216,"column":9}},"75":{"start":{"line":211,"column":12},"end":{"line":211,"column":76}},"76":{"start":{"line":212,"column":12},"end":{"line":212,"column":23}},"77":{"start":{"line":214,"column":12},"end":{"line":214,"column":93}},"78":{"start":{"line":215,"column":12},"end":{"line":215,"column":24}},"79":{"start":{"line":218,"column":8},"end":{"line":218,"column":84}},"80":{"start":{"line":219,"column":8},"end":{"line":219,"column":20}},"81":{"start":{"line":232,"column":4},"end":{"line":243,"column":6}},"82":{"start":{"line":233,"column":8},"end":{"line":239,"column":9}},"83":{"start":{"line":234,"column":12},"end":{"line":234,"column":73}},"84":{"start":{"line":235,"column":12},"end":{"line":235,"column":23}},"85":{"start":{"line":237,"column":12},"end":{"line":237,"column":90}},"86":{"start":{"line":238,"column":12},"end":{"line":238,"column":24}},"87":{"start":{"line":241,"column":8},"end":{"line":241,"column":81}},"88":{"start":{"line":242,"column":8},"end":{"line":242,"column":20}},"89":{"start":{"line":253,"column":4},"end":{"line":264,"column":6}},"90":{"start":{"line":254,"column":8},"end":{"line":260,"column":9}},"91":{"start":{"line":255,"column":12},"end":{"line":255,"column":73}},"92":{"start":{"line":256,"column":12},"end":{"line":256,"column":23}},"93":{"start":{"line":258,"column":12},"end":{"line":258,"column":90}},"94":{"start":{"line":259,"column":12},"end":{"line":259,"column":24}},"95":{"start":{"line":262,"column":8},"end":{"line":262,"column":81}},"96":{"start":{"line":263,"column":8},"end":{"line":263,"column":20}},"97":{"start":{"line":274,"column":4},"end":{"line":285,"column":6}},"98":{"start":{"line":275,"column":8},"end":{"line":281,"column":9}},"99":{"start":{"line":276,"column":12},"end":{"line":276,"column":75}},"100":{"start":{"line":277,"column":12},"end":{"line":277,"column":23}},"101":{"start":{"line":279,"column":12},"end":{"line":279,"column":92}},"102":{"start":{"line":280,"column":12},"end":{"line":280,"column":24}},"103":{"start":{"line":283,"column":8},"end":{"line":283,"column":83}},"104":{"start":{"line":284,"column":8},"end":{"line":284,"column":20}},"105":{"start":{"line":297,"column":4},"end":{"line":308,"column":6}},"106":{"start":{"line":298,"column":8},"end":{"line":304,"column":9}},"107":{"start":{"line":299,"column":12},"end":{"line":299,"column":62}},"108":{"start":{"line":300,"column":12},"end":{"line":300,"column":38}},"109":{"start":{"line":302,"column":12},"end":{"line":302,"column":78}},"110":{"start":{"line":303,"column":12},"end":{"line":303,"column":24}},"111":{"start":{"line":306,"column":8},"end":{"line":306,"column":76}},"112":{"start":{"line":307,"column":8},"end":{"line":307,"column":20}},"113":{"start":{"line":312,"column":4},"end":{"line":324,"column":6}},"114":{"start":{"line":313,"column":8},"end":{"line":320,"column":9}},"115":{"start":{"line":314,"column":12},"end":{"line":316,"column":13}},"116":{"start":{"line":315,"column":16},"end":{"line":315,"column":51}},"117":{"start":{"line":317,"column":12},"end":{"line":317,"column":34}},"118":{"start":{"line":319,"column":12},"end":{"line":319,"column":24}},"119":{"start":{"line":322,"column":8},"end":{"line":322,"column":74}},"120":{"start":{"line":323,"column":8},"end":{"line":323,"column":20}},"121":{"start":{"line":328,"column":4},"end":{"line":328,"column":40}},"122":{"start":{"line":329,"column":4},"end":{"line":349,"column":6}},"123":{"start":{"line":334,"column":8},"end":{"line":345,"column":9}},"124":{"start":{"line":335,"column":12},"end":{"line":335,"column":41}},"125":{"start":{"line":336,"column":12},"end":{"line":340,"column":13}},"126":{"start":{"line":337,"column":16},"end":{"line":337,"column":44}},"127":{"start":{"line":338,"column":16},"end":{"line":338,"column":66}},"128":{"start":{"line":339,"column":16},"end":{"line":339,"column":59}},"129":{"start":{"line":341,"column":12},"end":{"line":341,"column":22}},"130":{"start":{"line":343,"column":12},"end":{"line":343,"column":71}},"131":{"start":{"line":344,"column":12},"end":{"line":344,"column":24}},"132":{"start":{"line":347,"column":8},"end":{"line":347,"column":56}},"133":{"start":{"line":348,"column":8},"end":{"line":348,"column":20}},"134":{"start":{"line":364,"column":4},"end":{"line":380,"column":6}},"135":{"start":{"line":365,"column":8},"end":{"line":375,"column":9}},"136":{"start":{"line":366,"column":12},"end":{"line":366,"column":68}},"137":{"start":{"line":367,"column":12},"end":{"line":367,"column":30}},"138":{"start":{"line":368,"column":12},"end":{"line":368,"column":45}},"139":{"start":{"line":369,"column":12},"end":{"line":369,"column":49}},"140":{"start":{"line":370,"column":12},"end":{"line":370,"column":61}},"141":{"start":{"line":371,"column":12},"end":{"line":371,"column":21}},"142":{"start":{"line":373,"column":12},"end":{"line":373,"column":58}},"143":{"start":{"line":374,"column":12},"end":{"line":374,"column":24}},"144":{"start":{"line":378,"column":8},"end":{"line":378,"column":56}},"145":{"start":{"line":379,"column":8},"end":{"line":379,"column":20}},"146":{"start":{"line":396,"column":4},"end":{"line":410,"column":6}},"147":{"start":{"line":406,"column":8},"end":{"line":406,"column":38}},"148":{"start":{"line":407,"column":8},"end":{"line":407,"column":19}},"149":{"start":{"line":409,"column":8},"end":{"line":409,"column":52}},"150":{"start":{"line":427,"column":4},"end":{"line":446,"column":6}},"151":{"start":{"line":436,"column":8},"end":{"line":442,"column":9}},"152":{"start":{"line":437,"column":12},"end":{"line":437,"column":59}},"153":{"start":{"line":438,"column":12},"end":{"line":438,"column":23}},"154":{"start":{"line":440,"column":12},"end":{"line":440,"column":74}},"155":{"start":{"line":441,"column":12},"end":{"line":441,"column":24}},"156":{"start":{"line":444,"column":8},"end":{"line":444,"column":67}},"157":{"start":{"line":445,"column":8},"end":{"line":445,"column":20}},"158":{"start":{"line":456,"column":16},"end":{"line":456,"column":18}},"159":{"start":{"line":458,"column":4},"end":{"line":477,"column":6}},"160":{"start":{"line":459,"column":8},"end":{"line":473,"column":9}},"161":{"start":{"line":460,"column":12},"end":{"line":465,"column":13}},"162":{"start":{"line":461,"column":16},"end":{"line":461,"column":88}},"163":{"start":{"line":462,"column":16},"end":{"line":462,"column":81}},"164":{"start":{"line":463,"column":16},"end":{"line":463,"column":44}},"165":{"start":{"line":468,"column":12},"end":{"line":468,"column":49}},"166":{"start":{"line":469,"column":12},"end":{"line":469,"column":23}},"167":{"start":{"line":471,"column":12},"end":{"line":471,"column":38}},"168":{"start":{"line":472,"column":12},"end":{"line":472,"column":25}},"169":{"start":{"line":475,"column":8},"end":{"line":475,"column":76}},"170":{"start":{"line":476,"column":8},"end":{"line":476,"column":21}},"171":{"start":{"line":489,"column":4},"end":{"line":501,"column":6}},"172":{"start":{"line":491,"column":8},"end":{"line":497,"column":9}},"173":{"start":{"line":492,"column":12},"end":{"line":492,"column":74}},"174":{"start":{"line":493,"column":12},"end":{"line":493,"column":23}},"175":{"start":{"line":495,"column":12},"end":{"line":495,"column":77}},"176":{"start":{"line":496,"column":12},"end":{"line":496,"column":24}},"177":{"start":{"line":499,"column":8},"end":{"line":499,"column":77}},"178":{"start":{"line":500,"column":8},"end":{"line":500,"column":20}},"179":{"start":{"line":511,"column":4},"end":{"line":521,"column":6}},"180":{"start":{"line":512,"column":8},"end":{"line":517,"column":9}},"181":{"start":{"line":513,"column":12},"end":{"line":513,"column":32}},"182":{"start":{"line":515,"column":12},"end":{"line":515,"column":65}},"183":{"start":{"line":516,"column":12},"end":{"line":516,"column":24}},"184":{"start":{"line":519,"column":8},"end":{"line":519,"column":74}},"185":{"start":{"line":520,"column":8},"end":{"line":520,"column":20}},"186":{"start":{"line":531,"column":4},"end":{"line":542,"column":6}},"187":{"start":{"line":532,"column":8},"end":{"line":538,"column":9}},"188":{"start":{"line":533,"column":12},"end":{"line":533,"column":68}},"189":{"start":{"line":534,"column":12},"end":{"line":534,"column":37}},"190":{"start":{"line":536,"column":12},"end":{"line":536,"column":90}},"191":{"start":{"line":537,"column":12},"end":{"line":537,"column":24}},"192":{"start":{"line":540,"column":8},"end":{"line":540,"column":84}},"193":{"start":{"line":541,"column":8},"end":{"line":541,"column":20}},"194":{"start":{"line":563,"column":8},"end":{"line":565,"column":9}},"195":{"start":{"line":564,"column":10},"end":{"line":564,"column":28}},"196":{"start":{"line":566,"column":8},"end":{"line":566,"column":20}},"197":{"start":{"line":568,"column":4},"end":{"line":605,"column":5}},"198":{"start":{"line":569,"column":8},"end":{"line":569,"column":48}},"199":{"start":{"line":571,"column":8},"end":{"line":571,"column":37}},"200":{"start":{"line":572,"column":8},"end":{"line":572,"column":46}},"201":{"start":{"line":574,"column":8},"end":{"line":574,"column":118}},"202":{"start":{"line":576,"column":8},"end":{"line":576,"column":68}},"203":{"start":{"line":577,"column":8},"end":{"line":577,"column":84}},"204":{"start":{"line":579,"column":8},"end":{"line":581,"column":9}},"205":{"start":{"line":582,"column":8},"end":{"line":582,"column":46}},"206":{"start":{"line":585,"column":8},"end":{"line":602,"column":10}},"207":{"start":{"line":586,"column":23},"end":{"line":586,"column":25}},"208":{"start":{"line":587,"column":12},"end":{"line":598,"column":13}},"209":{"start":{"line":589,"column":16},"end":{"line":589,"column":29}},"210":{"start":{"line":590,"column":16},"end":{"line":590,"column":46}},"211":{"start":{"line":591,"column":16},"end":{"line":591,"column":127}},"212":{"start":{"line":592,"column":16},"end":{"line":592,"column":92}},"213":{"start":{"line":593,"column":16},"end":{"line":595,"column":17}},"214":{"start":{"line":594,"column":20},"end":{"line":594,"column":95}},"215":{"start":{"line":596,"column":16},"end":{"line":596,"column":78}},"216":{"start":{"line":597,"column":16},"end":{"line":597,"column":54}},"217":{"start":{"line":599,"column":12},"end":{"line":599,"column":23}},"218":{"start":{"line":601,"column":12},"end":{"line":601,"column":28}},"219":{"start":{"line":604,"column":8},"end":{"line":604,"column":31}},"220":{"start":{"line":606,"column":4},"end":{"line":606,"column":19}},"221":{"start":{"line":624,"column":4},"end":{"line":626,"column":5}},"222":{"start":{"line":625,"column":8},"end":{"line":625,"column":24}},"223":{"start":{"line":627,"column":13},"end":{"line":627,"column":30}},"224":{"start":{"line":628,"column":19},"end":{"line":628,"column":30}},"225":{"start":{"line":629,"column":4},"end":{"line":629,"column":22}},"226":{"start":{"line":630,"column":4},"end":{"line":632,"column":5}},"227":{"start":{"line":631,"column":8},"end":{"line":631,"column":49}},"228":{"start":{"line":635,"column":4},"end":{"line":651,"column":6}},"229":{"start":{"line":641,"column":8},"end":{"line":647,"column":9}},"230":{"start":{"line":642,"column":12},"end":{"line":642,"column":52}},"231":{"start":{"line":643,"column":12},"end":{"line":643,"column":35}},"232":{"start":{"line":645,"column":12},"end":{"line":645,"column":64}},"233":{"start":{"line":646,"column":12},"end":{"line":646,"column":24}},"234":{"start":{"line":649,"column":8},"end":{"line":649,"column":59}},"235":{"start":{"line":650,"column":8},"end":{"line":650,"column":20}},"236":{"start":{"line":652,"column":4},"end":{"line":655,"column":5}},"237":{"start":{"line":653,"column":8},"end":{"line":653,"column":46}},"238":{"start":{"line":654,"column":8},"end":{"line":654,"column":14}},"239":{"start":{"line":656,"column":4},"end":{"line":660,"column":5}},"240":{"start":{"line":657,"column":8},"end":{"line":657,"column":26}},"241":{"start":{"line":659,"column":8},"end":{"line":659,"column":36}},"242":{"start":{"line":662,"column":4},"end":{"line":673,"column":6}},"243":{"start":{"line":663,"column":8},"end":{"line":669,"column":9}},"244":{"start":{"line":664,"column":12},"end":{"line":664,"column":61}},"245":{"start":{"line":665,"column":12},"end":{"line":665,"column":23}},"246":{"start":{"line":667,"column":12},"end":{"line":667,"column":76}},"247":{"start":{"line":668,"column":12},"end":{"line":668,"column":24}},"248":{"start":{"line":671,"column":8},"end":{"line":671,"column":52}},"249":{"start":{"line":672,"column":8},"end":{"line":672,"column":20}},"250":{"start":{"line":674,"column":4},"end":{"line":674,"column":14}},"251":{"start":{"line":696,"column":4},"end":{"line":712,"column":6}},"252":{"start":{"line":702,"column":8},"end":{"line":708,"column":9}},"253":{"start":{"line":703,"column":12},"end":{"line":703,"column":60}},"254":{"start":{"line":704,"column":12},"end":{"line":704,"column":37}},"255":{"start":{"line":706,"column":12},"end":{"line":706,"column":58}},"256":{"start":{"line":707,"column":12},"end":{"line":707,"column":24}},"257":{"start":{"line":710,"column":8},"end":{"line":710,"column":57}},"258":{"start":{"line":711,"column":8},"end":{"line":711,"column":20}},"259":{"start":{"line":726,"column":3},"end":{"line":729,"column":4}},"260":{"start":{"line":727,"column":7},"end":{"line":727,"column":24}},"261":{"start":{"line":728,"column":7},"end":{"line":728,"column":55}},"262":{"start":{"line":730,"column":4},"end":{"line":741,"column":6}},"263":{"start":{"line":731,"column":8},"end":{"line":737,"column":9}},"264":{"start":{"line":732,"column":12},"end":{"line":732,"column":56}},"265":{"start":{"line":733,"column":12},"end":{"line":733,"column":23}},"266":{"start":{"line":735,"column":12},"end":{"line":735,"column":55}},"267":{"start":{"line":736,"column":12},"end":{"line":736,"column":24}},"268":{"start":{"line":739,"column":8},"end":{"line":739,"column":60}},"269":{"start":{"line":740,"column":8},"end":{"line":740,"column":20}},"270":{"start":{"line":751,"column":4},"end":{"line":760,"column":6}},"271":{"start":{"line":752,"column":23},"end":{"line":752,"column":25}},"272":{"start":{"line":753,"column":8},"end":{"line":755,"column":9}},"273":{"start":{"line":754,"column":12},"end":{"line":754,"column":49}},"274":{"start":{"line":756,"column":8},"end":{"line":756,"column":23}},"275":{"start":{"line":758,"column":8},"end":{"line":758,"column":59}},"276":{"start":{"line":759,"column":8},"end":{"line":759,"column":20}},"277":{"start":{"line":770,"column":4},"end":{"line":770,"column":40}},"278":{"start":{"line":771,"column":4},"end":{"line":771,"column":34}},"279":{"start":{"line":772,"column":4},"end":{"line":772,"column":43}},"280":{"start":{"line":773,"column":4},"end":{"line":773,"column":47}},"281":{"start":{"line":774,"column":4},"end":{"line":782,"column":6}},"282":{"start":{"line":775,"column":8},"end":{"line":781,"column":9}},"283":{"start":{"line":776,"column":12},"end":{"line":776,"column":55}},"284":{"start":{"line":777,"column":12},"end":{"line":777,"column":23}},"285":{"start":{"line":779,"column":12},"end":{"line":779,"column":57}},"286":{"start":{"line":780,"column":12},"end":{"line":780,"column":24}},"287":{"start":{"line":793,"column":4},"end":{"line":818,"column":10}},"288":{"start":{"line":798,"column":12},"end":{"line":814,"column":13}},"289":{"start":{"line":799,"column":33},"end":{"line":799,"column":64}},"290":{"start":{"line":800,"column":29},"end":{"line":800,"column":43}},"291":{"start":{"line":801,"column":16},"end":{"line":810,"column":18}},"292":{"start":{"line":802,"column":20},"end":{"line":806,"column":21}},"293":{"start":{"line":803,"column":24},"end":{"line":803,"column":35}},"294":{"start":{"line":805,"column":24},"end":{"line":805,"column":36}},"295":{"start":{"line":808,"column":20},"end":{"line":808,"column":80}},"296":{"start":{"line":809,"column":20},"end":{"line":809,"column":32}},"297":{"start":{"line":812,"column":16},"end":{"line":812,"column":65}},"298":{"start":{"line":813,"column":16},"end":{"line":813,"column":29}},"299":{"start":{"line":816,"column":12},"end":{"line":816,"column":77}},"300":{"start":{"line":817,"column":12},"end":{"line":817,"column":25}},"301":{"start":{"line":828,"column":4},"end":{"line":839,"column":6}},"302":{"start":{"line":829,"column":8},"end":{"line":835,"column":9}},"303":{"start":{"line":830,"column":12},"end":{"line":830,"column":72}},"304":{"start":{"line":831,"column":12},"end":{"line":831,"column":60}},"305":{"start":{"line":833,"column":12},"end":{"line":833,"column":99}},"306":{"start":{"line":834,"column":12},"end":{"line":834,"column":24}},"307":{"start":{"line":837,"column":8},"end":{"line":837,"column":90}},"308":{"start":{"line":838,"column":8},"end":{"line":838,"column":20}},"309":{"start":{"line":849,"column":4},"end":{"line":860,"column":6}},"310":{"start":{"line":850,"column":8},"end":{"line":856,"column":9}},"311":{"start":{"line":851,"column":12},"end":{"line":851,"column":67}},"312":{"start":{"line":852,"column":12},"end":{"line":852,"column":60}},"313":{"start":{"line":854,"column":12},"end":{"line":854,"column":89}},"314":{"start":{"line":855,"column":12},"end":{"line":855,"column":24}},"315":{"start":{"line":858,"column":8},"end":{"line":858,"column":85}},"316":{"start":{"line":859,"column":8},"end":{"line":859,"column":20}},"317":{"start":{"line":869,"column":4},"end":{"line":869,"column":20}},"318":{"start":{"line":870,"column":4},"end":{"line":901,"column":6}},"319":{"start":{"line":871,"column":8},"end":{"line":897,"column":9}},"320":{"start":{"line":872,"column":12},"end":{"line":872,"column":69}},"321":{"start":{"line":873,"column":12},"end":{"line":892,"column":13}},"322":{"start":{"line":874,"column":16},"end":{"line":874,"column":44}},"323":{"start":{"line":875,"column":16},"end":{"line":875,"column":62}},"324":{"start":{"line":876,"column":16},"end":{"line":876,"column":58}},"325":{"start":{"line":877,"column":16},"end":{"line":891,"column":18}},"326":{"start":{"line":878,"column":20},"end":{"line":887,"column":21}},"327":{"start":{"line":879,"column":24},"end":{"line":879,"column":61}},"328":{"start":{"line":880,"column":24},"end":{"line":882,"column":25}},"329":{"start":{"line":881,"column":28},"end":{"line":881,"column":60}},"330":{"start":{"line":883,"column":24},"end":{"line":883,"column":35}},"331":{"start":{"line":885,"column":24},"end":{"line":885,"column":58}},"332":{"start":{"line":886,"column":24},"end":{"line":886,"column":36}},"333":{"start":{"line":889,"column":20},"end":{"line":889,"column":73}},"334":{"start":{"line":890,"column":20},"end":{"line":890,"column":32}},"335":{"start":{"line":893,"column":12},"end":{"line":893,"column":23}},"336":{"start":{"line":895,"column":12},"end":{"line":895,"column":46}},"337":{"start":{"line":896,"column":12},"end":{"line":896,"column":21}},"338":{"start":{"line":899,"column":8},"end":{"line":899,"column":66}},"339":{"start":{"line":900,"column":8},"end":{"line":900,"column":17}},"340":{"start":{"line":902,"column":4},"end":{"line":906,"column":5}},"341":{"start":{"line":903,"column":8},"end":{"line":903,"column":33}},"342":{"start":{"line":905,"column":8},"end":{"line":905,"column":40}},"343":{"start":{"line":908,"column":4},"end":{"line":938,"column":6}},"344":{"start":{"line":909,"column":8},"end":{"line":937,"column":9}},"345":{"start":{"line":910,"column":12},"end":{"line":932,"column":13}},"346":{"start":{"line":911,"column":16},"end":{"line":911,"column":44}},"347":{"start":{"line":912,"column":16},"end":{"line":930,"column":17}},"348":{"start":{"line":913,"column":20},"end":{"line":913,"column":66}},"349":{"start":{"line":914,"column":20},"end":{"line":914,"column":62}},"350":{"start":{"line":915,"column":20},"end":{"line":929,"column":22}},"351":{"start":{"line":916,"column":24},"end":{"line":925,"column":25}},"352":{"start":{"line":917,"column":28},"end":{"line":917,"column":65}},"353":{"start":{"line":918,"column":28},"end":{"line":920,"column":29}},"354":{"start":{"line":919,"column":32},"end":{"line":919,"column":64}},"355":{"start":{"line":921,"column":28},"end":{"line":921,"column":39}},"356":{"start":{"line":923,"column":28},"end":{"line":923,"column":62}},"357":{"start":{"line":924,"column":28},"end":{"line":924,"column":40}},"358":{"start":{"line":927,"column":24},"end":{"line":927,"column":77}},"359":{"start":{"line":928,"column":24},"end":{"line":928,"column":36}},"360":{"start":{"line":933,"column":12},"end":{"line":933,"column":22}},"361":{"start":{"line":935,"column":12},"end":{"line":935,"column":51}},"362":{"start":{"line":936,"column":12},"end":{"line":936,"column":21}},"363":{"start":{"line":939,"column":4},"end":{"line":943,"column":5}},"364":{"start":{"line":940,"column":8},"end":{"line":940,"column":38}},"365":{"start":{"line":942,"column":8},"end":{"line":942,"column":50}},"366":{"start":{"line":944,"column":4},"end":{"line":944,"column":22}},"367":{"start":{"line":954,"column":4},"end":{"line":965,"column":6}},"368":{"start":{"line":955,"column":8},"end":{"line":961,"column":9}},"369":{"start":{"line":956,"column":12},"end":{"line":956,"column":68}},"370":{"start":{"line":957,"column":12},"end":{"line":957,"column":23}},"371":{"start":{"line":959,"column":12},"end":{"line":959,"column":92}},"372":{"start":{"line":960,"column":12},"end":{"line":960,"column":24}},"373":{"start":{"line":963,"column":8},"end":{"line":963,"column":71}},"374":{"start":{"line":964,"column":8},"end":{"line":964,"column":20}},"375":{"start":{"line":975,"column":4},"end":{"line":987,"column":6}},"376":{"start":{"line":976,"column":8},"end":{"line":983,"column":9}},"377":{"start":{"line":977,"column":12},"end":{"line":979,"column":13}},"378":{"start":{"line":978,"column":16},"end":{"line":978,"column":55}},"379":{"start":{"line":980,"column":12},"end":{"line":980,"column":23}},"380":{"start":{"line":982,"column":12},"end":{"line":982,"column":24}},"381":{"start":{"line":985,"column":8},"end":{"line":985,"column":78}},"382":{"start":{"line":986,"column":8},"end":{"line":986,"column":20}},"383":{"start":{"line":997,"column":4},"end":{"line":1009,"column":6}},"384":{"start":{"line":998,"column":8},"end":{"line":1005,"column":9}},"385":{"start":{"line":999,"column":12},"end":{"line":1001,"column":13}},"386":{"start":{"line":1000,"column":16},"end":{"line":1000,"column":55}},"387":{"start":{"line":1002,"column":12},"end":{"line":1002,"column":23}},"388":{"start":{"line":1004,"column":12},"end":{"line":1004,"column":24}},"389":{"start":{"line":1007,"column":8},"end":{"line":1007,"column":78}},"390":{"start":{"line":1008,"column":8},"end":{"line":1008,"column":20}},"391":{"start":{"line":1019,"column":22},"end":{"line":1030,"column":6}},"392":{"start":{"line":1020,"column":8},"end":{"line":1026,"column":9}},"393":{"start":{"line":1021,"column":12},"end":{"line":1021,"column":85}},"394":{"start":{"line":1022,"column":12},"end":{"line":1022,"column":46}},"395":{"start":{"line":1024,"column":12},"end":{"line":1024,"column":114}},"396":{"start":{"line":1025,"column":12},"end":{"line":1025,"column":24}},"397":{"start":{"line":1028,"column":8},"end":{"line":1028,"column":97}},"398":{"start":{"line":1029,"column":8},"end":{"line":1029,"column":20}},"399":{"start":{"line":1031,"column":4},"end":{"line":1041,"column":6}},"400":{"start":{"line":1032,"column":8},"end":{"line":1037,"column":9}},"401":{"start":{"line":1033,"column":12},"end":{"line":1033,"column":51}},"402":{"start":{"line":1034,"column":12},"end":{"line":1034,"column":23}},"403":{"start":{"line":1036,"column":12},"end":{"line":1036,"column":103}},"404":{"start":{"line":1039,"column":8},"end":{"line":1039,"column":97}},"405":{"start":{"line":1040,"column":8},"end":{"line":1040,"column":20}},"406":{"start":{"line":1051,"column":23},"end":{"line":1051,"column":52}},"407":{"start":{"line":1052,"column":17},"end":{"line":1052,"column":43}},"408":{"start":{"line":1053,"column":21},"end":{"line":1053,"column":80}},"409":{"start":{"line":1054,"column":4},"end":{"line":1058,"column":5}},"410":{"start":{"line":1055,"column":8},"end":{"line":1055,"column":63}},"411":{"start":{"line":1057,"column":8},"end":{"line":1057,"column":70}},"412":{"start":{"line":1059,"column":18},"end":{"line":1059,"column":51}},"413":{"start":{"line":1060,"column":4},"end":{"line":1064,"column":5}},"414":{"start":{"line":1061,"column":8},"end":{"line":1061,"column":56}},"415":{"start":{"line":1063,"column":8},"end":{"line":1063,"column":49}},"416":{"start":{"line":1065,"column":4},"end":{"line":1080,"column":6}},"417":{"start":{"line":1070,"column":8},"end":{"line":1076,"column":9}},"418":{"start":{"line":1071,"column":12},"end":{"line":1071,"column":74}},"419":{"start":{"line":1072,"column":12},"end":{"line":1072,"column":23}},"420":{"start":{"line":1074,"column":12},"end":{"line":1074,"column":93}},"421":{"start":{"line":1075,"column":12},"end":{"line":1075,"column":24}},"422":{"start":{"line":1078,"column":8},"end":{"line":1078,"column":82}},"423":{"start":{"line":1079,"column":8},"end":{"line":1079,"column":20}},"424":{"start":{"line":1090,"column":23},"end":{"line":1090,"column":47}},"425":{"start":{"line":1091,"column":17},"end":{"line":1091,"column":38}},"426":{"start":{"line":1093,"column":21},"end":{"line":1093,"column":80}},"427":{"start":{"line":1094,"column":4},"end":{"line":1098,"column":5}},"428":{"start":{"line":1095,"column":8},"end":{"line":1095,"column":63}},"429":{"start":{"line":1097,"column":8},"end":{"line":1097,"column":70}},"430":{"start":{"line":1100,"column":18},"end":{"line":1100,"column":51}},"431":{"start":{"line":1101,"column":4},"end":{"line":1105,"column":5}},"432":{"start":{"line":1102,"column":8},"end":{"line":1102,"column":56}},"433":{"start":{"line":1104,"column":8},"end":{"line":1104,"column":49}},"434":{"start":{"line":1107,"column":4},"end":{"line":1122,"column":6}},"435":{"start":{"line":1112,"column":8},"end":{"line":1118,"column":9}},"436":{"start":{"line":1113,"column":12},"end":{"line":1113,"column":69}},"437":{"start":{"line":1114,"column":12},"end":{"line":1114,"column":23}},"438":{"start":{"line":1116,"column":12},"end":{"line":1116,"column":83}},"439":{"start":{"line":1117,"column":12},"end":{"line":1117,"column":24}},"440":{"start":{"line":1120,"column":8},"end":{"line":1120,"column":77}},"441":{"start":{"line":1121,"column":8},"end":{"line":1121,"column":20}},"442":{"start":{"line":1134,"column":4},"end":{"line":1134,"column":57}},"443":{"start":{"line":1135,"column":4},"end":{"line":1152,"column":10}},"444":{"start":{"line":1137,"column":12},"end":{"line":1148,"column":13}},"445":{"start":{"line":1138,"column":16},"end":{"line":1138,"column":51}},"446":{"start":{"line":1139,"column":16},"end":{"line":1139,"column":69}},"447":{"start":{"line":1140,"column":16},"end":{"line":1140,"column":43}},"448":{"start":{"line":1141,"column":16},"end":{"line":1141,"column":55}},"449":{"start":{"line":1142,"column":16},"end":{"line":1144,"column":18}},"450":{"start":{"line":1143,"column":20},"end":{"line":1143,"column":67}},"451":{"start":{"line":1146,"column":16},"end":{"line":1146,"column":61}},"452":{"start":{"line":1147,"column":16},"end":{"line":1147,"column":29}},"453":{"start":{"line":1150,"column":12},"end":{"line":1150,"column":74}},"454":{"start":{"line":1151,"column":12},"end":{"line":1151,"column":25}},"455":{"start":{"line":1164,"column":19},"end":{"line":1164,"column":72}},"456":{"start":{"line":1165,"column":4},"end":{"line":1186,"column":10}},"457":{"start":{"line":1170,"column":12},"end":{"line":1181,"column":13}},"458":{"start":{"line":1171,"column":16},"end":{"line":1171,"column":51}},"459":{"start":{"line":1172,"column":16},"end":{"line":1172,"column":69}},"460":{"start":{"line":1173,"column":16},"end":{"line":1173,"column":43}},"461":{"start":{"line":1174,"column":16},"end":{"line":1174,"column":55}},"462":{"start":{"line":1175,"column":16},"end":{"line":1177,"column":18}},"463":{"start":{"line":1176,"column":20},"end":{"line":1176,"column":67}},"464":{"start":{"line":1179,"column":16},"end":{"line":1179,"column":66}},"465":{"start":{"line":1180,"column":16},"end":{"line":1180,"column":29}},"466":{"start":{"line":1183,"column":12},"end":{"line":1183,"column":69}},"467":{"start":{"line":1184,"column":12},"end":{"line":1184,"column":28}},"468":{"start":{"line":1185,"column":12},"end":{"line":1185,"column":25}},"469":{"start":{"line":1197,"column":4},"end":{"line":1206,"column":6}},"470":{"start":{"line":1198,"column":8},"end":{"line":1202,"column":9}},"471":{"start":{"line":1199,"column":12},"end":{"line":1199,"column":34}},"472":{"start":{"line":1201,"column":12},"end":{"line":1201,"column":24}},"473":{"start":{"line":1204,"column":8},"end":{"line":1204,"column":80}},"474":{"start":{"line":1205,"column":8},"end":{"line":1205,"column":20}},"475":{"start":{"line":1210,"column":4},"end":{"line":1221,"column":6}},"476":{"start":{"line":1211,"column":8},"end":{"line":1216,"column":9}},"477":{"start":{"line":1212,"column":12},"end":{"line":1212,"column":81}},"478":{"start":{"line":1213,"column":12},"end":{"line":1213,"column":23}},"479":{"start":{"line":1215,"column":12},"end":{"line":1215,"column":24}},"480":{"start":{"line":1219,"column":8},"end":{"line":1219,"column":59}},"481":{"start":{"line":1220,"column":8},"end":{"line":1220,"column":20}},"482":{"start":{"line":1225,"column":4},"end":{"line":1225,"column":35}},"483":{"start":{"line":1226,"column":4},"end":{"line":1226,"column":22}},"484":{"start":{"line":1227,"column":4},"end":{"line":1238,"column":6}},"485":{"start":{"line":1228,"column":8},"end":{"line":1233,"column":9}},"486":{"start":{"line":1229,"column":12},"end":{"line":1229,"column":80}},"487":{"start":{"line":1230,"column":12},"end":{"line":1230,"column":23}},"488":{"start":{"line":1232,"column":12},"end":{"line":1232,"column":24}},"489":{"start":{"line":1236,"column":8},"end":{"line":1236,"column":59}},"490":{"start":{"line":1237,"column":8},"end":{"line":1237,"column":20}},"491":{"start":{"line":1249,"column":4},"end":{"line":1262,"column":6}},"492":{"start":{"line":1252,"column":8},"end":{"line":1258,"column":9}},"493":{"start":{"line":1253,"column":12},"end":{"line":1253,"column":71}},"494":{"start":{"line":1254,"column":12},"end":{"line":1254,"column":34}},"495":{"start":{"line":1256,"column":12},"end":{"line":1256,"column":74}},"496":{"start":{"line":1257,"column":12},"end":{"line":1257,"column":24}},"497":{"start":{"line":1260,"column":8},"end":{"line":1260,"column":81}},"498":{"start":{"line":1261,"column":8},"end":{"line":1261,"column":20}},"499":{"start":{"line":1270,"column":4},"end":{"line":1281,"column":6}},"500":{"start":{"line":1271,"column":8},"end":{"line":1277,"column":9}},"501":{"start":{"line":1272,"column":12},"end":{"line":1272,"column":78}},"502":{"start":{"line":1273,"column":12},"end":{"line":1273,"column":23}},"503":{"start":{"line":1275,"column":12},"end":{"line":1275,"column":88}},"504":{"start":{"line":1276,"column":12},"end":{"line":1276,"column":24}},"505":{"start":{"line":1279,"column":8},"end":{"line":1279,"column":82}},"506":{"start":{"line":1280,"column":8},"end":{"line":1280,"column":20}},"507":{"start":{"line":1284,"column":0},"end":{"line":1341,"column":1}}},"fnMap":{"0":{"name":"getUser","decl":{"start":{"line":12,"column":15},"end":{"line":12,"column":22}},"loc":{"start":{"line":12,"column":32},"end":{"line":25,"column":1}},"line":12},"1":{"name":"(anonymous_1)","decl":{"start":{"line":13,"column":60},"end":{"line":13,"column":61}},"loc":{"start":{"line":13,"column":68},"end":{"line":21,"column":5}},"line":13},"2":{"name":"(anonymous_2)","decl":{"start":{"line":21,"column":13},"end":{"line":21,"column":14}},"loc":{"start":{"line":21,"column":20},"end":{"line":24,"column":5}},"line":21},"3":{"name":"getUserAds","decl":{"start":{"line":33,"column":15},"end":{"line":33,"column":25}},"loc":{"start":{"line":33,"column":34},"end":{"line":48,"column":1}},"line":33},"4":{"name":"(anonymous_4)","decl":{"start":{"line":34,"column":52},"end":{"line":34,"column":53}},"loc":{"start":{"line":34,"column":59},"end":{"line":44,"column":5}},"line":34},"5":{"name":"(anonymous_5)","decl":{"start":{"line":44,"column":13},"end":{"line":44,"column":14}},"loc":{"start":{"line":44,"column":20},"end":{"line":47,"column":5}},"line":44},"6":{"name":"getUserId","decl":{"start":{"line":55,"column":15},"end":{"line":55,"column":24}},"loc":{"start":{"line":55,"column":35},"end":{"line":67,"column":1}},"line":55},"7":{"name":"(anonymous_7)","decl":{"start":{"line":56,"column":80},"end":{"line":56,"column":81}},"loc":{"start":{"line":56,"column":87},"end":{"line":63,"column":5}},"line":56},"8":{"name":"(anonymous_8)","decl":{"start":{"line":63,"column":13},"end":{"line":63,"column":14}},"loc":{"start":{"line":63,"column":20},"end":{"line":66,"column":5}},"line":63},"9":{"name":"getUsername","decl":{"start":{"line":74,"column":15},"end":{"line":74,"column":26}},"loc":{"start":{"line":74,"column":31},"end":{"line":86,"column":1}},"line":74},"10":{"name":"(anonymous_10)","decl":{"start":{"line":75,"column":74},"end":{"line":75,"column":75}},"loc":{"start":{"line":75,"column":81},"end":{"line":82,"column":5}},"line":75},"11":{"name":"(anonymous_11)","decl":{"start":{"line":82,"column":13},"end":{"line":82,"column":14}},"loc":{"start":{"line":82,"column":20},"end":{"line":85,"column":5}},"line":82},"12":{"name":"addUser","decl":{"start":{"line":95,"column":15},"end":{"line":95,"column":22}},"loc":{"start":{"line":95,"column":77},"end":{"line":110,"column":1}},"line":95},"13":{"name":"(anonymous_13)","decl":{"start":{"line":103,"column":12},"end":{"line":103,"column":13}},"loc":{"start":{"line":103,"column":20},"end":{"line":106,"column":5}},"line":103},"14":{"name":"(anonymous_14)","decl":{"start":{"line":106,"column":13},"end":{"line":106,"column":14}},"loc":{"start":{"line":106,"column":20},"end":{"line":109,"column":5}},"line":106},"15":{"name":"setModoState","decl":{"start":{"line":118,"column":15},"end":{"line":118,"column":27}},"loc":{"start":{"line":118,"column":39},"end":{"line":135,"column":1}},"line":118},"16":{"name":"(anonymous_16)","decl":{"start":{"line":123,"column":67},"end":{"line":123,"column":68}},"loc":{"start":{"line":123,"column":76},"end":{"line":131,"column":5}},"line":123},"17":{"name":"(anonymous_17)","decl":{"start":{"line":131,"column":13},"end":{"line":131,"column":14}},"loc":{"start":{"line":131,"column":20},"end":{"line":134,"column":5}},"line":131},"18":{"name":"isModo","decl":{"start":{"line":142,"column":15},"end":{"line":142,"column":21}},"loc":{"start":{"line":142,"column":26},"end":{"line":155,"column":1}},"line":142},"19":{"name":"(anonymous_19)","decl":{"start":{"line":143,"column":65},"end":{"line":143,"column":66}},"loc":{"start":{"line":143,"column":73},"end":{"line":151,"column":5}},"line":143},"20":{"name":"(anonymous_20)","decl":{"start":{"line":151,"column":13},"end":{"line":151,"column":14}},"loc":{"start":{"line":151,"column":20},"end":{"line":154,"column":5}},"line":151},"21":{"name":"isBanned","decl":{"start":{"line":162,"column":15},"end":{"line":162,"column":23}},"loc":{"start":{"line":162,"column":28},"end":{"line":175,"column":1}},"line":162},"22":{"name":"(anonymous_22)","decl":{"start":{"line":163,"column":62},"end":{"line":163,"column":63}},"loc":{"start":{"line":163,"column":70},"end":{"line":171,"column":5}},"line":163},"23":{"name":"(anonymous_23)","decl":{"start":{"line":171,"column":13},"end":{"line":171,"column":14}},"loc":{"start":{"line":171,"column":20},"end":{"line":174,"column":5}},"line":171},"24":{"name":"updatePassword","decl":{"start":{"line":183,"column":15},"end":{"line":183,"column":29}},"loc":{"start":{"line":183,"column":48},"end":{"line":198,"column":1}},"line":183},"25":{"name":"(anonymous_25)","decl":{"start":{"line":186,"column":73},"end":{"line":186,"column":74}},"loc":{"start":{"line":186,"column":82},"end":{"line":194,"column":5}},"line":186},"26":{"name":"(anonymous_26)","decl":{"start":{"line":194,"column":13},"end":{"line":194,"column":14}},"loc":{"start":{"line":194,"column":20},"end":{"line":197,"column":5}},"line":194},"27":{"name":"updateUsername","decl":{"start":{"line":206,"column":15},"end":{"line":206,"column":29}},"loc":{"start":{"line":206,"column":48},"end":{"line":221,"column":1}},"line":206},"28":{"name":"(anonymous_28)","decl":{"start":{"line":209,"column":73},"end":{"line":209,"column":74}},"loc":{"start":{"line":209,"column":82},"end":{"line":217,"column":5}},"line":209},"29":{"name":"(anonymous_29)","decl":{"start":{"line":217,"column":13},"end":{"line":217,"column":14}},"loc":{"start":{"line":217,"column":20},"end":{"line":220,"column":5}},"line":217},"30":{"name":"updateEmail","decl":{"start":{"line":229,"column":15},"end":{"line":229,"column":26}},"loc":{"start":{"line":229,"column":42},"end":{"line":244,"column":1}},"line":229},"31":{"name":"(anonymous_31)","decl":{"start":{"line":232,"column":68},"end":{"line":232,"column":69}},"loc":{"start":{"line":232,"column":77},"end":{"line":240,"column":5}},"line":232},"32":{"name":"(anonymous_32)","decl":{"start":{"line":240,"column":13},"end":{"line":240,"column":14}},"loc":{"start":{"line":240,"column":20},"end":{"line":243,"column":5}},"line":240},"33":{"name":"updatePhone","decl":{"start":{"line":252,"column":15},"end":{"line":252,"column":26}},"loc":{"start":{"line":252,"column":42},"end":{"line":265,"column":1}},"line":252},"34":{"name":"(anonymous_34)","decl":{"start":{"line":253,"column":68},"end":{"line":253,"column":69}},"loc":{"start":{"line":253,"column":77},"end":{"line":261,"column":5}},"line":253},"35":{"name":"(anonymous_35)","decl":{"start":{"line":261,"column":13},"end":{"line":261,"column":14}},"loc":{"start":{"line":261,"column":20},"end":{"line":264,"column":5}},"line":261},"36":{"name":"updateSharing","decl":{"start":{"line":273,"column":15},"end":{"line":273,"column":28}},"loc":{"start":{"line":273,"column":46},"end":{"line":286,"column":1}},"line":273},"37":{"name":"(anonymous_37)","decl":{"start":{"line":274,"column":72},"end":{"line":274,"column":73}},"loc":{"start":{"line":274,"column":81},"end":{"line":282,"column":5}},"line":274},"38":{"name":"(anonymous_38)","decl":{"start":{"line":282,"column":13},"end":{"line":282,"column":14}},"loc":{"start":{"line":282,"column":20},"end":{"line":285,"column":5}},"line":282},"39":{"name":"getUserAd","decl":{"start":{"line":296,"column":15},"end":{"line":296,"column":24}},"loc":{"start":{"line":296,"column":31},"end":{"line":309,"column":1}},"line":296},"40":{"name":"(anonymous_40)","decl":{"start":{"line":297,"column":70},"end":{"line":297,"column":71}},"loc":{"start":{"line":297,"column":77},"end":{"line":305,"column":5}},"line":297},"41":{"name":"(anonymous_41)","decl":{"start":{"line":305,"column":13},"end":{"line":305,"column":14}},"loc":{"start":{"line":305,"column":20},"end":{"line":308,"column":5}},"line":305},"42":{"name":"searchUser","decl":{"start":{"line":311,"column":15},"end":{"line":311,"column":25}},"loc":{"start":{"line":311,"column":36},"end":{"line":325,"column":1}},"line":311},"43":{"name":"(anonymous_43)","decl":{"start":{"line":312,"column":85},"end":{"line":312,"column":86}},"loc":{"start":{"line":312,"column":92},"end":{"line":321,"column":5}},"line":312},"44":{"name":"(anonymous_44)","decl":{"start":{"line":321,"column":13},"end":{"line":321,"column":14}},"loc":{"start":{"line":321,"column":20},"end":{"line":324,"column":5}},"line":321},"45":{"name":"searchAds","decl":{"start":{"line":327,"column":15},"end":{"line":327,"column":24}},"loc":{"start":{"line":327,"column":33},"end":{"line":350,"column":1}},"line":327},"46":{"name":"(anonymous_46)","decl":{"start":{"line":333,"column":14},"end":{"line":333,"column":15}},"loc":{"start":{"line":333,"column":27},"end":{"line":346,"column":5}},"line":333},"47":{"name":"(anonymous_47)","decl":{"start":{"line":346,"column":13},"end":{"line":346,"column":14}},"loc":{"start":{"line":346,"column":20},"end":{"line":349,"column":5}},"line":346},"48":{"name":"getAd","decl":{"start":{"line":359,"column":15},"end":{"line":359,"column":20}},"loc":{"start":{"line":359,"column":27},"end":{"line":381,"column":1}},"line":359},"49":{"name":"(anonymous_49)","decl":{"start":{"line":364,"column":48},"end":{"line":364,"column":49}},"loc":{"start":{"line":364,"column":60},"end":{"line":376,"column":5}},"line":364},"50":{"name":"(anonymous_50)","decl":{"start":{"line":377,"column":13},"end":{"line":377,"column":14}},"loc":{"start":{"line":377,"column":20},"end":{"line":380,"column":5}},"line":377},"51":{"name":"addAd","decl":{"start":{"line":395,"column":15},"end":{"line":395,"column":20}},"loc":{"start":{"line":395,"column":76},"end":{"line":411,"column":1}},"line":395},"52":{"name":"(anonymous_52)","decl":{"start":{"line":405,"column":12},"end":{"line":405,"column":13}},"loc":{"start":{"line":405,"column":18},"end":{"line":408,"column":5}},"line":405},"53":{"name":"(anonymous_53)","decl":{"start":{"line":408,"column":13},"end":{"line":408,"column":14}},"loc":{"start":{"line":408,"column":20},"end":{"line":410,"column":5}},"line":408},"54":{"name":"updateAdd","decl":{"start":{"line":426,"column":15},"end":{"line":426,"column":24}},"loc":{"start":{"line":426,"column":78},"end":{"line":447,"column":1}},"line":426},"55":{"name":"(anonymous_55)","decl":{"start":{"line":435,"column":33},"end":{"line":435,"column":34}},"loc":{"start":{"line":435,"column":42},"end":{"line":443,"column":5}},"line":435},"56":{"name":"(anonymous_56)","decl":{"start":{"line":443,"column":13},"end":{"line":443,"column":14}},"loc":{"start":{"line":443,"column":20},"end":{"line":446,"column":5}},"line":443},"57":{"name":"getAllAds","decl":{"start":{"line":454,"column":15},"end":{"line":454,"column":24}},"loc":{"start":{"line":454,"column":27},"end":{"line":478,"column":1}},"line":454},"58":{"name":"(anonymous_58)","decl":{"start":{"line":458,"column":29},"end":{"line":458,"column":30}},"loc":{"start":{"line":458,"column":42},"end":{"line":474,"column":5}},"line":458},"59":{"name":"(anonymous_59)","decl":{"start":{"line":474,"column":13},"end":{"line":474,"column":14}},"loc":{"start":{"line":474,"column":20},"end":{"line":477,"column":5}},"line":474},"60":{"name":"disableComment","decl":{"start":{"line":488,"column":15},"end":{"line":488,"column":29}},"loc":{"start":{"line":488,"column":36},"end":{"line":502,"column":1}},"line":488},"61":{"name":"(anonymous_61)","decl":{"start":{"line":489,"column":157},"end":{"line":489,"column":158}},"loc":{"start":{"line":489,"column":166},"end":{"line":498,"column":5}},"line":489},"62":{"name":"(anonymous_62)","decl":{"start":{"line":498,"column":13},"end":{"line":498,"column":14}},"loc":{"start":{"line":498,"column":20},"end":{"line":501,"column":5}},"line":498},"63":{"name":"getComment","decl":{"start":{"line":510,"column":15},"end":{"line":510,"column":25}},"loc":{"start":{"line":510,"column":32},"end":{"line":522,"column":1}},"line":510},"64":{"name":"(anonymous_64)","decl":{"start":{"line":511,"column":53},"end":{"line":511,"column":54}},"loc":{"start":{"line":511,"column":59},"end":{"line":518,"column":5}},"line":511},"65":{"name":"(anonymous_65)","decl":{"start":{"line":518,"column":13},"end":{"line":518,"column":14}},"loc":{"start":{"line":518,"column":20},"end":{"line":521,"column":5}},"line":518},"66":{"name":"getUserComment","decl":{"start":{"line":530,"column":15},"end":{"line":530,"column":29}},"loc":{"start":{"line":530,"column":36},"end":{"line":543,"column":1}},"line":530},"67":{"name":"(anonymous_67)","decl":{"start":{"line":531,"column":75},"end":{"line":531,"column":76}},"loc":{"start":{"line":531,"column":87},"end":{"line":539,"column":5}},"line":531},"68":{"name":"(anonymous_68)","decl":{"start":{"line":539,"column":13},"end":{"line":539,"column":14}},"loc":{"start":{"line":539,"column":20},"end":{"line":542,"column":5}},"line":539},"69":{"name":"getFullComments","decl":{"start":{"line":560,"column":15},"end":{"line":560,"column":30}},"loc":{"start":{"line":560,"column":41},"end":{"line":607,"column":1}},"line":560},"70":{"name":"goodDate","decl":{"start":{"line":561,"column":13},"end":{"line":561,"column":21}},"loc":{"start":{"line":561,"column":28},"end":{"line":567,"column":7}},"line":561},"71":{"name":"(anonymous_71)","decl":{"start":{"line":585,"column":81},"end":{"line":585,"column":82}},"loc":{"start":{"line":585,"column":95},"end":{"line":600,"column":9}},"line":585},"72":{"name":"(anonymous_72)","decl":{"start":{"line":600,"column":17},"end":{"line":600,"column":18}},"loc":{"start":{"line":600,"column":24},"end":{"line":602,"column":9}},"line":600},"73":{"name":"addComment","decl":{"start":{"line":620,"column":15},"end":{"line":620,"column":25}},"loc":{"start":{"line":620,"column":75},"end":{"line":677,"column":1}},"line":620},"74":{"name":"(anonymous_74)","decl":{"start":{"line":640,"column":12},"end":{"line":640,"column":13}},"loc":{"start":{"line":640,"column":18},"end":{"line":648,"column":5}},"line":640},"75":{"name":"(anonymous_75)","decl":{"start":{"line":648,"column":13},"end":{"line":648,"column":14}},"loc":{"start":{"line":648,"column":20},"end":{"line":651,"column":5}},"line":648},"76":{"name":"(anonymous_76)","decl":{"start":{"line":662,"column":78},"end":{"line":662,"column":79}},"loc":{"start":{"line":662,"column":87},"end":{"line":670,"column":5}},"line":662},"77":{"name":"(anonymous_77)","decl":{"start":{"line":670,"column":13},"end":{"line":670,"column":14}},"loc":{"start":{"line":670,"column":20},"end":{"line":673,"column":5}},"line":670},"78":{"name":"addReport","decl":{"start":{"line":692,"column":15},"end":{"line":692,"column":24}},"loc":{"start":{"line":692,"column":68},"end":{"line":713,"column":1}},"line":692},"79":{"name":"(anonymous_79)","decl":{"start":{"line":701,"column":12},"end":{"line":701,"column":13}},"loc":{"start":{"line":701,"column":20},"end":{"line":709,"column":5}},"line":701},"80":{"name":"(anonymous_80)","decl":{"start":{"line":709,"column":13},"end":{"line":709,"column":14}},"loc":{"start":{"line":709,"column":20},"end":{"line":712,"column":5}},"line":709},"81":{"name":"deleteComments","decl":{"start":{"line":721,"column":15},"end":{"line":721,"column":29}},"loc":{"start":{"line":721,"column":40},"end":{"line":742,"column":1}},"line":721},"82":{"name":"(anonymous_82)","decl":{"start":{"line":730,"column":57},"end":{"line":730,"column":58}},"loc":{"start":{"line":730,"column":66},"end":{"line":738,"column":5}},"line":730},"83":{"name":"(anonymous_83)","decl":{"start":{"line":738,"column":13},"end":{"line":738,"column":14}},"loc":{"start":{"line":738,"column":20},"end":{"line":741,"column":5}},"line":738},"84":{"name":"getCommentsAd","decl":{"start":{"line":750,"column":15},"end":{"line":750,"column":28}},"loc":{"start":{"line":750,"column":35},"end":{"line":761,"column":1}},"line":750},"85":{"name":"(anonymous_85)","decl":{"start":{"line":751,"column":53},"end":{"line":751,"column":54}},"loc":{"start":{"line":751,"column":61},"end":{"line":757,"column":5}},"line":751},"86":{"name":"(anonymous_86)","decl":{"start":{"line":757,"column":13},"end":{"line":757,"column":14}},"loc":{"start":{"line":757,"column":20},"end":{"line":760,"column":5}},"line":757},"87":{"name":"deleteAd","decl":{"start":{"line":769,"column":15},"end":{"line":769,"column":23}},"loc":{"start":{"line":769,"column":30},"end":{"line":784,"column":1}},"line":769},"88":{"name":"(anonymous_88)","decl":{"start":{"line":774,"column":48},"end":{"line":774,"column":49}},"loc":{"start":{"line":774,"column":57},"end":{"line":782,"column":5}},"line":774},"89":{"name":"addUserReport","decl":{"start":{"line":792,"column":15},"end":{"line":792,"column":28}},"loc":{"start":{"line":792,"column":37},"end":{"line":819,"column":1}},"line":792},"90":{"name":"(anonymous_90)","decl":{"start":{"line":797,"column":45},"end":{"line":797,"column":46}},"loc":{"start":{"line":797,"column":52},"end":{"line":815,"column":9}},"line":797},"91":{"name":"(anonymous_91)","decl":{"start":{"line":801,"column":100},"end":{"line":801,"column":101}},"loc":{"start":{"line":801,"column":109},"end":{"line":807,"column":17}},"line":801},"92":{"name":"(anonymous_92)","decl":{"start":{"line":807,"column":25},"end":{"line":807,"column":26}},"loc":{"start":{"line":807,"column":32},"end":{"line":810,"column":17}},"line":807},"93":{"name":"(anonymous_93)","decl":{"start":{"line":815,"column":17},"end":{"line":815,"column":18}},"loc":{"start":{"line":815,"column":24},"end":{"line":818,"column":9}},"line":815},"94":{"name":"getReportsComment","decl":{"start":{"line":827,"column":15},"end":{"line":827,"column":32}},"loc":{"start":{"line":827,"column":39},"end":{"line":840,"column":1}},"line":827},"95":{"name":"(anonymous_95)","decl":{"start":{"line":828,"column":83},"end":{"line":828,"column":84}},"loc":{"start":{"line":828,"column":92},"end":{"line":836,"column":5}},"line":828},"96":{"name":"(anonymous_96)","decl":{"start":{"line":836,"column":13},"end":{"line":836,"column":14}},"loc":{"start":{"line":836,"column":20},"end":{"line":839,"column":5}},"line":836},"97":{"name":"getReportsAd","decl":{"start":{"line":848,"column":15},"end":{"line":848,"column":27}},"loc":{"start":{"line":848,"column":34},"end":{"line":861,"column":1}},"line":848},"98":{"name":"(anonymous_98)","decl":{"start":{"line":849,"column":78},"end":{"line":849,"column":79}},"loc":{"start":{"line":849,"column":87},"end":{"line":857,"column":5}},"line":849},"99":{"name":"(anonymous_99)","decl":{"start":{"line":857,"column":13},"end":{"line":857,"column":14}},"loc":{"start":{"line":857,"column":20},"end":{"line":860,"column":5}},"line":857},"100":{"name":"getFullReports","decl":{"start":{"line":868,"column":15},"end":{"line":868,"column":29}},"loc":{"start":{"line":868,"column":32},"end":{"line":945,"column":1}},"line":868},"101":{"name":"(anonymous_101)","decl":{"start":{"line":870,"column":75},"end":{"line":870,"column":76}},"loc":{"start":{"line":870,"column":88},"end":{"line":898,"column":5}},"line":870},"102":{"name":"(anonymous_102)","decl":{"start":{"line":877,"column":89},"end":{"line":877,"column":90}},"loc":{"start":{"line":877,"column":97},"end":{"line":888,"column":17}},"line":877},"103":{"name":"(anonymous_103)","decl":{"start":{"line":888,"column":25},"end":{"line":888,"column":26}},"loc":{"start":{"line":888,"column":32},"end":{"line":891,"column":17}},"line":888},"104":{"name":"(anonymous_104)","decl":{"start":{"line":898,"column":13},"end":{"line":898,"column":14}},"loc":{"start":{"line":898,"column":20},"end":{"line":901,"column":5}},"line":898},"105":{"name":"(anonymous_105)","decl":{"start":{"line":908,"column":87},"end":{"line":908,"column":88}},"loc":{"start":{"line":908,"column":100},"end":{"line":938,"column":5}},"line":908},"106":{"name":"(anonymous_106)","decl":{"start":{"line":915,"column":93},"end":{"line":915,"column":94}},"loc":{"start":{"line":915,"column":101},"end":{"line":926,"column":21}},"line":915},"107":{"name":"(anonymous_107)","decl":{"start":{"line":926,"column":29},"end":{"line":926,"column":30}},"loc":{"start":{"line":926,"column":36},"end":{"line":929,"column":21}},"line":926},"108":{"name":"deleteReports","decl":{"start":{"line":953,"column":15},"end":{"line":953,"column":28}},"loc":{"start":{"line":953,"column":43},"end":{"line":966,"column":1}},"line":953},"109":{"name":"(anonymous_109)","decl":{"start":{"line":954,"column":66},"end":{"line":954,"column":67}},"loc":{"start":{"line":954,"column":75},"end":{"line":962,"column":5}},"line":954},"110":{"name":"(anonymous_110)","decl":{"start":{"line":962,"column":13},"end":{"line":962,"column":14}},"loc":{"start":{"line":962,"column":20},"end":{"line":965,"column":5}},"line":962},"111":{"name":"getReportedUserIdofComment","decl":{"start":{"line":974,"column":15},"end":{"line":974,"column":41}},"loc":{"start":{"line":974,"column":48},"end":{"line":988,"column":1}},"line":974},"112":{"name":"(anonymous_112)","decl":{"start":{"line":975,"column":83},"end":{"line":975,"column":84}},"loc":{"start":{"line":975,"column":91},"end":{"line":984,"column":5}},"line":975},"113":{"name":"(anonymous_113)","decl":{"start":{"line":984,"column":13},"end":{"line":984,"column":14}},"loc":{"start":{"line":984,"column":20},"end":{"line":987,"column":5}},"line":984},"114":{"name":"getReportedUserIdofAd","decl":{"start":{"line":996,"column":15},"end":{"line":996,"column":36}},"loc":{"start":{"line":996,"column":43},"end":{"line":1010,"column":1}},"line":996},"115":{"name":"(anonymous_115)","decl":{"start":{"line":997,"column":78},"end":{"line":997,"column":79}},"loc":{"start":{"line":997,"column":86},"end":{"line":1006,"column":5}},"line":997},"116":{"name":"(anonymous_116)","decl":{"start":{"line":1006,"column":13},"end":{"line":1006,"column":14}},"loc":{"start":{"line":1006,"column":20},"end":{"line":1009,"column":5}},"line":1006},"117":{"name":"decreaseTotalReportsUser","decl":{"start":{"line":1018,"column":15},"end":{"line":1018,"column":39}},"loc":{"start":{"line":1018,"column":53},"end":{"line":1042,"column":1}},"line":1018},"118":{"name":"(anonymous_118)","decl":{"start":{"line":1019,"column":99},"end":{"line":1019,"column":100}},"loc":{"start":{"line":1019,"column":106},"end":{"line":1027,"column":5}},"line":1019},"119":{"name":"(anonymous_119)","decl":{"start":{"line":1027,"column":13},"end":{"line":1027,"column":14}},"loc":{"start":{"line":1027,"column":20},"end":{"line":1030,"column":5}},"line":1027},"120":{"name":"(anonymous_120)","decl":{"start":{"line":1031,"column":86},"end":{"line":1031,"column":87}},"loc":{"start":{"line":1031,"column":95},"end":{"line":1038,"column":5}},"line":1031},"121":{"name":"(anonymous_121)","decl":{"start":{"line":1038,"column":13},"end":{"line":1038,"column":14}},"loc":{"start":{"line":1038,"column":20},"end":{"line":1041,"column":5}},"line":1038},"122":{"name":"clearCommentReports","decl":{"start":{"line":1050,"column":15},"end":{"line":1050,"column":34}},"loc":{"start":{"line":1050,"column":41},"end":{"line":1081,"column":1}},"line":1050},"123":{"name":"(anonymous_123)","decl":{"start":{"line":1069,"column":33},"end":{"line":1069,"column":34}},"loc":{"start":{"line":1069,"column":42},"end":{"line":1077,"column":5}},"line":1069},"124":{"name":"(anonymous_124)","decl":{"start":{"line":1077,"column":13},"end":{"line":1077,"column":14}},"loc":{"start":{"line":1077,"column":20},"end":{"line":1080,"column":5}},"line":1077},"125":{"name":"clearAdReports","decl":{"start":{"line":1089,"column":15},"end":{"line":1089,"column":29}},"loc":{"start":{"line":1089,"column":36},"end":{"line":1123,"column":1}},"line":1089},"126":{"name":"(anonymous_126)","decl":{"start":{"line":1111,"column":33},"end":{"line":1111,"column":34}},"loc":{"start":{"line":1111,"column":48},"end":{"line":1119,"column":5}},"line":1111},"127":{"name":"(anonymous_127)","decl":{"start":{"line":1119,"column":13},"end":{"line":1119,"column":14}},"loc":{"start":{"line":1119,"column":20},"end":{"line":1122,"column":5}},"line":1119},"128":{"name":"addAdReport","decl":{"start":{"line":1133,"column":15},"end":{"line":1133,"column":26}},"loc":{"start":{"line":1133,"column":57},"end":{"line":1153,"column":1}},"line":1133},"129":{"name":"(anonymous_129)","decl":{"start":{"line":1136,"column":64},"end":{"line":1136,"column":65}},"loc":{"start":{"line":1136,"column":70},"end":{"line":1149,"column":9}},"line":1136},"130":{"name":"(anonymous_130)","decl":{"start":{"line":1142,"column":147},"end":{"line":1142,"column":148}},"loc":{"start":{"line":1142,"column":162},"end":{"line":1144,"column":17}},"line":1142},"131":{"name":"(anonymous_131)","decl":{"start":{"line":1149,"column":17},"end":{"line":1149,"column":18}},"loc":{"start":{"line":1149,"column":24},"end":{"line":1152,"column":9}},"line":1149},"132":{"name":"addCommentReport","decl":{"start":{"line":1163,"column":15},"end":{"line":1163,"column":31}},"loc":{"start":{"line":1163,"column":62},"end":{"line":1187,"column":1}},"line":1163},"133":{"name":"(anonymous_133)","decl":{"start":{"line":1169,"column":64},"end":{"line":1169,"column":65}},"loc":{"start":{"line":1169,"column":70},"end":{"line":1182,"column":9}},"line":1169},"134":{"name":"(anonymous_134)","decl":{"start":{"line":1175,"column":152},"end":{"line":1175,"column":153}},"loc":{"start":{"line":1175,"column":167},"end":{"line":1177,"column":17}},"line":1175},"135":{"name":"(anonymous_135)","decl":{"start":{"line":1182,"column":17},"end":{"line":1182,"column":18}},"loc":{"start":{"line":1182,"column":24},"end":{"line":1186,"column":9}},"line":1182},"136":{"name":"getCustoms","decl":{"start":{"line":1196,"column":15},"end":{"line":1196,"column":25}},"loc":{"start":{"line":1196,"column":34},"end":{"line":1207,"column":1}},"line":1196},"137":{"name":"(anonymous_137)","decl":{"start":{"line":1197,"column":97},"end":{"line":1197,"column":98}},"loc":{"start":{"line":1197,"column":105},"end":{"line":1203,"column":5}},"line":1197},"138":{"name":"(anonymous_138)","decl":{"start":{"line":1203,"column":13},"end":{"line":1203,"column":14}},"loc":{"start":{"line":1203,"column":20},"end":{"line":1206,"column":5}},"line":1203},"139":{"name":"updateTagCustom","decl":{"start":{"line":1209,"column":15},"end":{"line":1209,"column":30}},"loc":{"start":{"line":1209,"column":50},"end":{"line":1222,"column":1}},"line":1209},"140":{"name":"(anonymous_140)","decl":{"start":{"line":1210,"column":79},"end":{"line":1210,"column":80}},"loc":{"start":{"line":1210,"column":88},"end":{"line":1218,"column":5}},"line":1210},"141":{"name":"(anonymous_141)","decl":{"start":{"line":1218,"column":13},"end":{"line":1218,"column":14}},"loc":{"start":{"line":1218,"column":20},"end":{"line":1221,"column":5}},"line":1218},"142":{"name":"updateLightModeCustom","decl":{"start":{"line":1224,"column":15},"end":{"line":1224,"column":36}},"loc":{"start":{"line":1224,"column":57},"end":{"line":1239,"column":1}},"line":1224},"143":{"name":"(anonymous_143)","decl":{"start":{"line":1227,"column":76},"end":{"line":1227,"column":77}},"loc":{"start":{"line":1227,"column":85},"end":{"line":1235,"column":5}},"line":1227},"144":{"name":"(anonymous_144)","decl":{"start":{"line":1235,"column":13},"end":{"line":1235,"column":14}},"loc":{"start":{"line":1235,"column":20},"end":{"line":1238,"column":5}},"line":1235},"145":{"name":"addCustoms","decl":{"start":{"line":1248,"column":15},"end":{"line":1248,"column":25}},"loc":{"start":{"line":1248,"column":33},"end":{"line":1263,"column":1}},"line":1248},"146":{"name":"(anonymous_146)","decl":{"start":{"line":1251,"column":12},"end":{"line":1251,"column":13}},"loc":{"start":{"line":1251,"column":20},"end":{"line":1259,"column":5}},"line":1251},"147":{"name":"(anonymous_147)","decl":{"start":{"line":1259,"column":13},"end":{"line":1259,"column":14}},"loc":{"start":{"line":1259,"column":20},"end":{"line":1262,"column":5}},"line":1259},"148":{"name":"deleteCustoms","decl":{"start":{"line":1269,"column":15},"end":{"line":1269,"column":28}},"loc":{"start":{"line":1269,"column":37},"end":{"line":1282,"column":1}},"line":1269},"149":{"name":"(anonymous_149)","decl":{"start":{"line":1270,"column":56},"end":{"line":1270,"column":57}},"loc":{"start":{"line":1270,"column":65},"end":{"line":1278,"column":5}},"line":1270},"150":{"name":"(anonymous_150)","decl":{"start":{"line":1278,"column":13},"end":{"line":1278,"column":14}},"loc":{"start":{"line":1278,"column":20},"end":{"line":1281,"column":5}},"line":1278},"151":{"name":"main","decl":{"start":{"line":1343,"column":15},"end":{"line":1343,"column":19}},"loc":{"start":{"line":1343,"column":21},"end":{"line":1345,"column":1}},"line":1343}},"branchMap":{"0":{"loc":{"start":{"line":14,"column":8},"end":{"line":19,"column":9}},"type":"if","locations":[{"start":{"line":14,"column":8},"end":{"line":19,"column":9}},{"start":{"line":16,"column":15},"end":{"line":19,"column":9}}],"line":14},"1":{"loc":{"start":{"line":35,"column":8},"end":{"line":43,"column":9}},"type":"if","locations":[{"start":{"line":35,"column":8},"end":{"line":43,"column":9}},{"start":{"line":40,"column":15},"end":{"line":43,"column":9}}],"line":35},"2":{"loc":{"start":{"line":57,"column":8},"end":{"line":62,"column":9}},"type":"if","locations":[{"start":{"line":57,"column":8},"end":{"line":62,"column":9}},{"start":{"line":59,"column":15},"end":{"line":62,"column":9}}],"line":57},"3":{"loc":{"start":{"line":76,"column":8},"end":{"line":81,"column":9}},"type":"if","locations":[{"start":{"line":76,"column":8},"end":{"line":81,"column":9}},{"start":{"line":78,"column":15},"end":{"line":81,"column":9}}],"line":76},"4":{"loc":{"start":{"line":95,"column":50},"end":{"line":95,"column":60}},"type":"default-arg","locations":[{"start":{"line":95,"column":56},"end":{"line":95,"column":60}}],"line":95},"5":{"loc":{"start":{"line":95,"column":62},"end":{"line":95,"column":75}},"type":"default-arg","locations":[{"start":{"line":95,"column":70},"end":{"line":95,"column":75}}],"line":95},"6":{"loc":{"start":{"line":119,"column":4},"end":{"line":122,"column":5}},"type":"if","locations":[{"start":{"line":119,"column":4},"end":{"line":122,"column":5}},{"start":{},"end":{}}],"line":119},"7":{"loc":{"start":{"line":124,"column":8},"end":{"line":130,"column":9}},"type":"if","locations":[{"start":{"line":124,"column":8},"end":{"line":130,"column":9}},{"start":{"line":127,"column":15},"end":{"line":130,"column":9}}],"line":124},"8":{"loc":{"start":{"line":144,"column":8},"end":{"line":150,"column":9}},"type":"if","locations":[{"start":{"line":144,"column":8},"end":{"line":150,"column":9}},{"start":{"line":147,"column":15},"end":{"line":150,"column":9}}],"line":144},"9":{"loc":{"start":{"line":164,"column":8},"end":{"line":170,"column":9}},"type":"if","locations":[{"start":{"line":164,"column":8},"end":{"line":170,"column":9}},{"start":{"line":167,"column":15},"end":{"line":170,"column":9}}],"line":164},"10":{"loc":{"start":{"line":187,"column":8},"end":{"line":193,"column":9}},"type":"if","locations":[{"start":{"line":187,"column":8},"end":{"line":193,"column":9}},{"start":{"line":190,"column":15},"end":{"line":193,"column":9}}],"line":187},"11":{"loc":{"start":{"line":210,"column":8},"end":{"line":216,"column":9}},"type":"if","locations":[{"start":{"line":210,"column":8},"end":{"line":216,"column":9}},{"start":{"line":213,"column":15},"end":{"line":216,"column":9}}],"line":210},"12":{"loc":{"start":{"line":233,"column":8},"end":{"line":239,"column":9}},"type":"if","locations":[{"start":{"line":233,"column":8},"end":{"line":239,"column":9}},{"start":{"line":236,"column":15},"end":{"line":239,"column":9}}],"line":233},"13":{"loc":{"start":{"line":254,"column":8},"end":{"line":260,"column":9}},"type":"if","locations":[{"start":{"line":254,"column":8},"end":{"line":260,"column":9}},{"start":{"line":257,"column":15},"end":{"line":260,"column":9}}],"line":254},"14":{"loc":{"start":{"line":275,"column":8},"end":{"line":281,"column":9}},"type":"if","locations":[{"start":{"line":275,"column":8},"end":{"line":281,"column":9}},{"start":{"line":278,"column":15},"end":{"line":281,"column":9}}],"line":275},"15":{"loc":{"start":{"line":298,"column":8},"end":{"line":304,"column":9}},"type":"if","locations":[{"start":{"line":298,"column":8},"end":{"line":304,"column":9}},{"start":{"line":301,"column":15},"end":{"line":304,"column":9}}],"line":298},"16":{"loc":{"start":{"line":313,"column":8},"end":{"line":320,"column":9}},"type":"if","locations":[{"start":{"line":313,"column":8},"end":{"line":320,"column":9}},{"start":{"line":318,"column":15},"end":{"line":320,"column":9}}],"line":313},"17":{"loc":{"start":{"line":334,"column":8},"end":{"line":345,"column":9}},"type":"if","locations":[{"start":{"line":334,"column":8},"end":{"line":345,"column":9}},{"start":{"line":342,"column":15},"end":{"line":345,"column":9}}],"line":334},"18":{"loc":{"start":{"line":365,"column":8},"end":{"line":375,"column":9}},"type":"if","locations":[{"start":{"line":365,"column":8},"end":{"line":375,"column":9}},{"start":{"line":372,"column":15},"end":{"line":375,"column":9}}],"line":365},"19":{"loc":{"start":{"line":436,"column":8},"end":{"line":442,"column":9}},"type":"if","locations":[{"start":{"line":436,"column":8},"end":{"line":442,"column":9}},{"start":{"line":439,"column":15},"end":{"line":442,"column":9}}],"line":436},"20":{"loc":{"start":{"line":459,"column":8},"end":{"line":473,"column":9}},"type":"if","locations":[{"start":{"line":459,"column":8},"end":{"line":473,"column":9}},{"start":{"line":470,"column":15},"end":{"line":473,"column":9}}],"line":459},"21":{"loc":{"start":{"line":491,"column":8},"end":{"line":497,"column":9}},"type":"if","locations":[{"start":{"line":491,"column":8},"end":{"line":497,"column":9}},{"start":{"line":494,"column":15},"end":{"line":497,"column":9}}],"line":491},"22":{"loc":{"start":{"line":512,"column":8},"end":{"line":517,"column":9}},"type":"if","locations":[{"start":{"line":512,"column":8},"end":{"line":517,"column":9}},{"start":{"line":514,"column":15},"end":{"line":517,"column":9}}],"line":512},"23":{"loc":{"start":{"line":532,"column":8},"end":{"line":538,"column":9}},"type":"if","locations":[{"start":{"line":532,"column":8},"end":{"line":538,"column":9}},{"start":{"line":535,"column":15},"end":{"line":538,"column":9}}],"line":532},"24":{"loc":{"start":{"line":563,"column":8},"end":{"line":565,"column":9}},"type":"if","locations":[{"start":{"line":563,"column":8},"end":{"line":565,"column":9}},{"start":{},"end":{}}],"line":563},"25":{"loc":{"start":{"line":593,"column":16},"end":{"line":595,"column":17}},"type":"if","locations":[{"start":{"line":593,"column":16},"end":{"line":595,"column":17}},{"start":{},"end":{}}],"line":593},"26":{"loc":{"start":{"line":593,"column":20},"end":{"line":593,"column":80}},"type":"binary-expr","locations":[{"start":{"line":593,"column":20},"end":{"line":593,"column":53}},{"start":{"line":593,"column":57},"end":{"line":593,"column":80}}],"line":593},"27":{"loc":{"start":{"line":620,"column":48},"end":{"line":620,"column":61}},"type":"default-arg","locations":[{"start":{"line":620,"column":57},"end":{"line":620,"column":61}}],"line":620},"28":{"loc":{"start":{"line":620,"column":63},"end":{"line":620,"column":73}},"type":"default-arg","locations":[{"start":{"line":620,"column":69},"end":{"line":620,"column":73}}],"line":620},"29":{"loc":{"start":{"line":624,"column":4},"end":{"line":626,"column":5}},"type":"if","locations":[{"start":{"line":624,"column":4},"end":{"line":626,"column":5}},{"start":{},"end":{}}],"line":624},"30":{"loc":{"start":{"line":624,"column":8},"end":{"line":624,"column":41}},"type":"binary-expr","locations":[{"start":{"line":624,"column":8},"end":{"line":624,"column":24}},{"start":{"line":624,"column":28},"end":{"line":624,"column":41}}],"line":624},"31":{"loc":{"start":{"line":630,"column":4},"end":{"line":632,"column":5}},"type":"if","locations":[{"start":{"line":630,"column":4},"end":{"line":632,"column":5}},{"start":{},"end":{}}],"line":630},"32":{"loc":{"start":{"line":641,"column":8},"end":{"line":647,"column":9}},"type":"if","locations":[{"start":{"line":641,"column":8},"end":{"line":647,"column":9}},{"start":{"line":644,"column":15},"end":{"line":647,"column":9}}],"line":641},"33":{"loc":{"start":{"line":652,"column":4},"end":{"line":655,"column":5}},"type":"if","locations":[{"start":{"line":652,"column":4},"end":{"line":655,"column":5}},{"start":{},"end":{}}],"line":652},"34":{"loc":{"start":{"line":656,"column":4},"end":{"line":660,"column":5}},"type":"if","locations":[{"start":{"line":656,"column":4},"end":{"line":660,"column":5}},{"start":{"line":658,"column":11},"end":{"line":660,"column":5}}],"line":656},"35":{"loc":{"start":{"line":663,"column":8},"end":{"line":669,"column":9}},"type":"if","locations":[{"start":{"line":663,"column":8},"end":{"line":669,"column":9}},{"start":{"line":666,"column":15},"end":{"line":669,"column":9}}],"line":663},"36":{"loc":{"start":{"line":692,"column":46},"end":{"line":692,"column":55}},"type":"default-arg","locations":[{"start":{"line":692,"column":51},"end":{"line":692,"column":55}}],"line":692},"37":{"loc":{"start":{"line":692,"column":57},"end":{"line":692,"column":66}},"type":"default-arg","locations":[{"start":{"line":692,"column":62},"end":{"line":692,"column":66}}],"line":692},"38":{"loc":{"start":{"line":702,"column":8},"end":{"line":708,"column":9}},"type":"if","locations":[{"start":{"line":702,"column":8},"end":{"line":708,"column":9}},{"start":{"line":705,"column":15},"end":{"line":708,"column":9}}],"line":702},"39":{"loc":{"start":{"line":731,"column":8},"end":{"line":737,"column":9}},"type":"if","locations":[{"start":{"line":731,"column":8},"end":{"line":737,"column":9}},{"start":{"line":734,"column":15},"end":{"line":737,"column":9}}],"line":731},"40":{"loc":{"start":{"line":775,"column":8},"end":{"line":781,"column":9}},"type":"if","locations":[{"start":{"line":775,"column":8},"end":{"line":781,"column":9}},{"start":{"line":778,"column":15},"end":{"line":781,"column":9}}],"line":775},"41":{"loc":{"start":{"line":798,"column":12},"end":{"line":814,"column":13}},"type":"if","locations":[{"start":{"line":798,"column":12},"end":{"line":814,"column":13}},{"start":{"line":811,"column":19},"end":{"line":814,"column":13}}],"line":798},"42":{"loc":{"start":{"line":802,"column":20},"end":{"line":806,"column":21}},"type":"if","locations":[{"start":{"line":802,"column":20},"end":{"line":806,"column":21}},{"start":{"line":804,"column":27},"end":{"line":806,"column":21}}],"line":802},"43":{"loc":{"start":{"line":829,"column":8},"end":{"line":835,"column":9}},"type":"if","locations":[{"start":{"line":829,"column":8},"end":{"line":835,"column":9}},{"start":{"line":832,"column":15},"end":{"line":835,"column":9}}],"line":829},"44":{"loc":{"start":{"line":850,"column":8},"end":{"line":856,"column":9}},"type":"if","locations":[{"start":{"line":850,"column":8},"end":{"line":856,"column":9}},{"start":{"line":853,"column":15},"end":{"line":856,"column":9}}],"line":850},"45":{"loc":{"start":{"line":871,"column":8},"end":{"line":897,"column":9}},"type":"if","locations":[{"start":{"line":871,"column":8},"end":{"line":897,"column":9}},{"start":{"line":894,"column":15},"end":{"line":897,"column":9}}],"line":871},"46":{"loc":{"start":{"line":878,"column":20},"end":{"line":887,"column":21}},"type":"if","locations":[{"start":{"line":878,"column":20},"end":{"line":887,"column":21}},{"start":{"line":884,"column":27},"end":{"line":887,"column":21}}],"line":878},"47":{"loc":{"start":{"line":902,"column":4},"end":{"line":906,"column":5}},"type":"if","locations":[{"start":{"line":902,"column":4},"end":{"line":906,"column":5}},{"start":{"line":904,"column":11},"end":{"line":906,"column":5}}],"line":902},"48":{"loc":{"start":{"line":909,"column":8},"end":{"line":937,"column":9}},"type":"if","locations":[{"start":{"line":909,"column":8},"end":{"line":937,"column":9}},{"start":{"line":934,"column":15},"end":{"line":937,"column":9}}],"line":909},"49":{"loc":{"start":{"line":912,"column":16},"end":{"line":930,"column":17}},"type":"if","locations":[{"start":{"line":912,"column":16},"end":{"line":930,"column":17}},{"start":{},"end":{}}],"line":912},"50":{"loc":{"start":{"line":916,"column":24},"end":{"line":925,"column":25}},"type":"if","locations":[{"start":{"line":916,"column":24},"end":{"line":925,"column":25}},{"start":{"line":922,"column":31},"end":{"line":925,"column":25}}],"line":916},"51":{"loc":{"start":{"line":939,"column":4},"end":{"line":943,"column":5}},"type":"if","locations":[{"start":{"line":939,"column":4},"end":{"line":943,"column":5}},{"start":{"line":941,"column":11},"end":{"line":943,"column":5}}],"line":939},"52":{"loc":{"start":{"line":955,"column":8},"end":{"line":961,"column":9}},"type":"if","locations":[{"start":{"line":955,"column":8},"end":{"line":961,"column":9}},{"start":{"line":958,"column":15},"end":{"line":961,"column":9}}],"line":955},"53":{"loc":{"start":{"line":976,"column":8},"end":{"line":983,"column":9}},"type":"if","locations":[{"start":{"line":976,"column":8},"end":{"line":983,"column":9}},{"start":{"line":981,"column":15},"end":{"line":983,"column":9}}],"line":976},"54":{"loc":{"start":{"line":998,"column":8},"end":{"line":1005,"column":9}},"type":"if","locations":[{"start":{"line":998,"column":8},"end":{"line":1005,"column":9}},{"start":{"line":1003,"column":15},"end":{"line":1005,"column":9}}],"line":998},"55":{"loc":{"start":{"line":1020,"column":8},"end":{"line":1026,"column":9}},"type":"if","locations":[{"start":{"line":1020,"column":8},"end":{"line":1026,"column":9}},{"start":{"line":1023,"column":15},"end":{"line":1026,"column":9}}],"line":1020},"56":{"loc":{"start":{"line":1032,"column":8},"end":{"line":1037,"column":9}},"type":"if","locations":[{"start":{"line":1032,"column":8},"end":{"line":1037,"column":9}},{"start":{"line":1035,"column":15},"end":{"line":1037,"column":9}}],"line":1032},"57":{"loc":{"start":{"line":1054,"column":4},"end":{"line":1058,"column":5}},"type":"if","locations":[{"start":{"line":1054,"column":4},"end":{"line":1058,"column":5}},{"start":{"line":1056,"column":11},"end":{"line":1058,"column":5}}],"line":1054},"58":{"loc":{"start":{"line":1060,"column":4},"end":{"line":1064,"column":5}},"type":"if","locations":[{"start":{"line":1060,"column":4},"end":{"line":1064,"column":5}},{"start":{"line":1062,"column":11},"end":{"line":1064,"column":5}}],"line":1060},"59":{"loc":{"start":{"line":1070,"column":8},"end":{"line":1076,"column":9}},"type":"if","locations":[{"start":{"line":1070,"column":8},"end":{"line":1076,"column":9}},{"start":{"line":1073,"column":15},"end":{"line":1076,"column":9}}],"line":1070},"60":{"loc":{"start":{"line":1094,"column":4},"end":{"line":1098,"column":5}},"type":"if","locations":[{"start":{"line":1094,"column":4},"end":{"line":1098,"column":5}},{"start":{"line":1096,"column":11},"end":{"line":1098,"column":5}}],"line":1094},"61":{"loc":{"start":{"line":1101,"column":4},"end":{"line":1105,"column":5}},"type":"if","locations":[{"start":{"line":1101,"column":4},"end":{"line":1105,"column":5}},{"start":{"line":1103,"column":11},"end":{"line":1105,"column":5}}],"line":1101},"62":{"loc":{"start":{"line":1112,"column":8},"end":{"line":1118,"column":9}},"type":"if","locations":[{"start":{"line":1112,"column":8},"end":{"line":1118,"column":9}},{"start":{"line":1115,"column":15},"end":{"line":1118,"column":9}}],"line":1112},"63":{"loc":{"start":{"line":1133,"column":33},"end":{"line":1133,"column":47}},"type":"default-arg","locations":[{"start":{"line":1133,"column":45},"end":{"line":1133,"column":47}}],"line":1133},"64":{"loc":{"start":{"line":1137,"column":12},"end":{"line":1148,"column":13}},"type":"if","locations":[{"start":{"line":1137,"column":12},"end":{"line":1148,"column":13}},{"start":{"line":1145,"column":19},"end":{"line":1148,"column":13}}],"line":1137},"65":{"loc":{"start":{"line":1163,"column":38},"end":{"line":1163,"column":52}},"type":"default-arg","locations":[{"start":{"line":1163,"column":50},"end":{"line":1163,"column":52}}],"line":1163},"66":{"loc":{"start":{"line":1170,"column":12},"end":{"line":1181,"column":13}},"type":"if","locations":[{"start":{"line":1170,"column":12},"end":{"line":1181,"column":13}},{"start":{"line":1178,"column":19},"end":{"line":1181,"column":13}}],"line":1170},"67":{"loc":{"start":{"line":1198,"column":8},"end":{"line":1202,"column":9}},"type":"if","locations":[{"start":{"line":1198,"column":8},"end":{"line":1202,"column":9}},{"start":{"line":1200,"column":15},"end":{"line":1202,"column":9}}],"line":1198},"68":{"loc":{"start":{"line":1211,"column":8},"end":{"line":1216,"column":9}},"type":"if","locations":[{"start":{"line":1211,"column":8},"end":{"line":1216,"column":9}},{"start":{"line":1214,"column":15},"end":{"line":1216,"column":9}}],"line":1211},"69":{"loc":{"start":{"line":1228,"column":8},"end":{"line":1233,"column":9}},"type":"if","locations":[{"start":{"line":1228,"column":8},"end":{"line":1233,"column":9}},{"start":{"line":1231,"column":15},"end":{"line":1233,"column":9}}],"line":1228},"70":{"loc":{"start":{"line":1252,"column":8},"end":{"line":1258,"column":9}},"type":"if","locations":[{"start":{"line":1252,"column":8},"end":{"line":1258,"column":9}},{"start":{"line":1255,"column":15},"end":{"line":1258,"column":9}}],"line":1252},"71":{"loc":{"start":{"line":1271,"column":8},"end":{"line":1277,"column":9}},"type":"if","locations":[{"start":{"line":1271,"column":8},"end":{"line":1277,"column":9}},{"start":{"line":1274,"column":15},"end":{"line":1277,"column":9}}],"line":1271}},"s":{"0":1,"1":1,"2":20,"3":19,"4":18,"5":1,"6":1,"7":1,"8":1,"9":5,"10":3,"11":3,"12":3,"13":1,"14":3,"15":0,"16":0,"17":2,"18":2,"19":6,"20":5,"21":4,"22":1,"23":1,"24":1,"25":1,"26":22,"27":21,"28":20,"29":1,"30":1,"31":1,"32":1,"33":18,"34":17,"35":17,"36":1,"37":1,"38":4,"39":1,"40":1,"41":3,"42":2,"43":1,"44":1,"45":1,"46":1,"47":1,"48":1,"49":3,"50":2,"51":1,"52":1,"53":1,"54":1,"55":1,"56":1,"57":4,"58":3,"59":0,"60":0,"61":3,"62":3,"63":1,"64":1,"65":3,"66":2,"67":1,"68":1,"69":1,"70":1,"71":1,"72":1,"73":3,"74":2,"75":1,"76":1,"77":1,"78":1,"79":1,"80":1,"81":3,"82":2,"83":1,"84":1,"85":1,"86":1,"87":1,"88":1,"89":3,"90":2,"91":1,"92":1,"93":1,"94":1,"95":1,"96":1,"97":3,"98":2,"99":1,"100":1,"101":1,"102":1,"103":1,"104":1,"105":5,"106":3,"107":1,"108":1,"109":2,"110":2,"111":2,"112":2,"113":7,"114":6,"115":6,"116":0,"117":6,"118":0,"119":1,"120":1,"121":5,"122":5,"123":5,"124":5,"125":5,"126":6,"127":6,"128":6,"129":5,"130":0,"131":0,"132":0,"133":0,"134":15,"135":13,"136":12,"137":12,"138":12,"139":12,"140":12,"141":12,"142":1,"143":1,"144":2,"145":2,"146":7,"147":5,"148":5,"149":2,"150":2,"151":2,"152":0,"153":0,"154":2,"155":2,"156":0,"157":0,"158":2,"159":2,"160":2,"161":1,"162":3,"163":3,"164":3,"165":1,"166":1,"167":1,"168":1,"169":0,"170":0,"171":3,"172":2,"173":1,"174":1,"175":1,"176":1,"177":1,"178":1,"179":3,"180":2,"181":1,"182":1,"183":1,"184":1,"185":1,"186":10,"187":8,"188":6,"189":6,"190":2,"191":2,"192":2,"193":2,"194":3,"195":0,"196":3,"197":1,"198":1,"199":1,"200":1,"201":1,"202":1,"203":1,"204":1,"205":1,"206":1,"207":1,"208":1,"209":2,"210":2,"211":2,"212":2,"213":2,"214":2,"215":2,"216":2,"217":1,"218":0,"219":1,"220":1,"221":11,"222":3,"223":11,"224":11,"225":11,"226":11,"227":5,"228":11,"229":10,"230":10,"231":10,"232":0,"233":0,"234":1,"235":1,"236":11,"237":1,"238":1,"239":10,"240":6,"241":4,"242":10,"243":10,"244":10,"245":10,"246":0,"247":0,"248":0,"249":0,"250":10,"251":17,"252":3,"253":3,"254":3,"255":0,"256":0,"257":14,"258":14,"259":7,"260":4,"261":4,"262":7,"263":6,"264":2,"265":2,"266":4,"267":4,"268":1,"269":1,"270":4,"271":3,"272":3,"273":4,"274":3,"275":1,"276":1,"277":2,"278":2,"279":2,"280":2,"281":2,"282":2,"283":1,"284":1,"285":1,"286":1,"287":5,"288":4,"289":2,"290":2,"291":2,"292":2,"293":2,"294":0,"295":0,"296":0,"297":2,"298":2,"299":1,"300":1,"301":10,"302":8,"303":5,"304":5,"305":3,"306":3,"307":2,"308":2,"309":8,"310":6,"311":2,"312":2,"313":4,"314":4,"315":2,"316":2,"317":7,"318":7,"319":7,"320":3,"321":3,"322":3,"323":3,"324":3,"325":3,"326":3,"327":3,"328":3,"329":3,"330":3,"331":0,"332":0,"333":0,"334":0,"335":3,"336":4,"337":4,"338":0,"339":0,"340":7,"341":4,"342":3,"343":7,"344":7,"345":5,"346":5,"347":5,"348":2,"349":2,"350":2,"351":2,"352":2,"353":2,"354":2,"355":2,"356":0,"357":0,"358":0,"359":0,"360":5,"361":2,"362":2,"363":7,"364":2,"365":5,"366":7,"367":15,"368":14,"369":7,"370":7,"371":6,"372":6,"373":2,"374":2,"375":4,"376":3,"377":3,"378":0,"379":3,"380":0,"381":1,"382":1,"383":13,"384":12,"385":12,"386":1,"387":12,"388":0,"389":1,"390":1,"391":8,"392":7,"393":2,"394":2,"395":5,"396":5,"397":1,"398":1,"399":8,"400":7,"401":2,"402":2,"403":5,"404":1,"405":1,"406":3,"407":3,"408":3,"409":3,"410":1,"411":2,"412":3,"413":3,"414":1,"415":2,"416":3,"417":2,"418":1,"419":1,"420":1,"421":1,"422":1,"423":1,"424":3,"425":3,"426":3,"427":3,"428":1,"429":2,"430":3,"431":3,"432":1,"433":2,"434":3,"435":2,"436":1,"437":1,"438":1,"439":1,"440":1,"441":1,"442":3,"443":3,"444":2,"445":1,"446":1,"447":1,"448":1,"449":1,"450":1,"451":1,"452":1,"453":1,"454":1,"455":10,"456":10,"457":9,"458":1,"459":1,"460":1,"461":1,"462":1,"463":1,"464":8,"465":8,"466":1,"467":1,"468":1,"469":3,"470":2,"471":1,"472":1,"473":1,"474":1,"475":3,"476":2,"477":1,"478":1,"479":1,"480":1,"481":1,"482":3,"483":3,"484":3,"485":2,"486":1,"487":1,"488":1,"489":1,"490":1,"491":4,"492":2,"493":2,"494":2,"495":0,"496":0,"497":2,"498":2,"499":4,"500":3,"501":1,"502":0,"503":2,"504":2,"505":2,"506":2,"507":1},"f":{"0":20,"1":19,"2":1,"3":5,"4":3,"5":2,"6":6,"7":5,"8":1,"9":22,"10":21,"11":1,"12":18,"13":17,"14":1,"15":4,"16":2,"17":1,"18":3,"19":2,"20":1,"21":4,"22":3,"23":1,"24":3,"25":2,"26":1,"27":3,"28":2,"29":1,"30":3,"31":2,"32":1,"33":3,"34":2,"35":1,"36":3,"37":2,"38":1,"39":5,"40":3,"41":2,"42":7,"43":6,"44":1,"45":5,"46":5,"47":0,"48":15,"49":13,"50":2,"51":7,"52":5,"53":2,"54":2,"55":2,"56":0,"57":2,"58":2,"59":0,"60":3,"61":2,"62":1,"63":3,"64":2,"65":1,"66":10,"67":8,"68":2,"69":1,"70":3,"71":1,"72":0,"73":11,"74":10,"75":1,"76":10,"77":0,"78":17,"79":3,"80":14,"81":7,"82":6,"83":1,"84":4,"85":3,"86":1,"87":2,"88":2,"89":5,"90":4,"91":2,"92":0,"93":1,"94":10,"95":8,"96":2,"97":8,"98":6,"99":2,"100":7,"101":7,"102":3,"103":0,"104":0,"105":7,"106":2,"107":0,"108":15,"109":14,"110":2,"111":4,"112":3,"113":1,"114":13,"115":12,"116":1,"117":8,"118":7,"119":1,"120":7,"121":1,"122":3,"123":2,"124":1,"125":3,"126":2,"127":1,"128":3,"129":2,"130":1,"131":1,"132":10,"133":9,"134":1,"135":1,"136":3,"137":2,"138":1,"139":3,"140":2,"141":1,"142":3,"143":2,"144":1,"145":4,"146":2,"147":2,"148":4,"149":3,"150":2,"151":0},"b":{"0":[18,1],"1":[3,0],"2":[4,1],"3":[20,1],"4":[15],"5":[15],"6":[1,3],"7":[1,1],"8":[1,1],"9":[0,3],"10":[1,1],"11":[1,1],"12":[1,1],"13":[1,1],"14":[1,1],"15":[1,2],"16":[6,0],"17":[5,0],"18":[12,1],"19":[0,2],"20":[1,1],"21":[1,1],"22":[1,1],"23":[6,2],"24":[0,3],"25":[2,0],"26":[2,2],"27":[6],"28":[9],"29":[3,8],"30":[11,5],"31":[5,6],"32":[10,0],"33":[1,10],"34":[6,4],"35":[10,0],"36":[5],"37":[8],"38":[3,0],"39":[2,4],"40":[1,1],"41":[2,2],"42":[2,0],"43":[5,3],"44":[2,4],"45":[3,4],"46":[3,0],"47":[4,3],"48":[5,2],"49":[2,3],"50":[2,0],"51":[2,5],"52":[7,6],"53":[3,0],"54":[12,0],"55":[2,5],"56":[2,5],"57":[1,2],"58":[1,2],"59":[1,1],"60":[1,2],"61":[1,2],"62":[1,1],"63":[2],"64":[1,1],"65":[2],"66":[1,8],"67":[1,1],"68":[1,1],"69":[1,1],"70":[2,0],"71":[1,2]},"_coverageSchema":"1a1c01bbd47fc00a2c39e90264f33305004495a9","hash":"d0a395d8215b9c1065cacd80cb8a7eca7c8ee098"}
,"C:\\Users\\deney\\Documents\\Unif\\BAC 2\\Q1\\LINFO1212 - Projet d'approfondissement en Sciences Informatiques\\APPR_PF08\\site\\tables.js": {"path":"C:\\Users\\deney\\Documents\\Unif\\BAC 2\\Q1\\LINFO1212 - Projet d'approfondissement en Sciences Informatiques\\APPR_PF08\\site\\tables.js","statementMap":{"0":{"start":{"line":1,"column":39},"end":{"line":1,"column":59}},"1":{"start":{"line":2,"column":18},"end":{"line":6,"column":2}},"2":{"start":{"line":19,"column":0},"end":{"line":64,"column":34}},"3":{"start":{"line":66,"column":0},"end":{"line":127,"column":32}},"4":{"start":{"line":129,"column":0},"end":{"line":185,"column":37}},"5":{"start":{"line":188,"column":0},"end":{"line":223,"column":36}},"6":{"start":{"line":226,"column":0},"end":{"line":245,"column":36}},"7":{"start":{"line":251,"column":0},"end":{"line":258,"column":1}}},"fnMap":{},"branchMap":{},"s":{"0":1,"1":1,"2":1,"3":1,"4":1,"5":1,"6":1,"7":1},"f":{},"b":{},"_coverageSchema":"1a1c01bbd47fc00a2c39e90264f33305004495a9","hash":"42b0ad25493cb5e00b0a64d53704ac0665c0238e"}
,"C:\\Users\\deney\\Documents\\Unif\\BAC 2\\Q1\\LINFO1212 - Projet d'approfondissement en Sciences Informatiques\\APPR_PF08\\site\\utils\\randomString.js": {"path":"C:\\Users\\deney\\Documents\\Unif\\BAC 2\\Q1\\LINFO1212 - Projet d'approfondissement en Sciences Informatiques\\APPR_PF08\\site\\utils\\randomString.js","statementMap":{"0":{"start":{"line":2,"column":18},"end":{"line":2,"column":82}},"1":{"start":{"line":3,"column":17},"end":{"line":3,"column":19}},"2":{"start":{"line":4,"column":4},"end":{"line":6,"column":5}},"3":{"start":{"line":4,"column":17},"end":{"line":4,"column":23}},"4":{"start":{"line":5,"column":6},"end":{"line":5,"column":64}},"5":{"start":{"line":7,"column":4},"end":{"line":7,"column":18}},"6":{"start":{"line":10,"column":0},"end":{"line":10,"column":30}}},"fnMap":{"0":{"name":"randomString","decl":{"start":{"line":1,"column":9},"end":{"line":1,"column":21}},"loc":{"start":{"line":1,"column":30},"end":{"line":8,"column":1}},"line":1}},"branchMap":{},"s":{"0":72,"1":72,"2":72,"3":72,"4":720,"5":72,"6":1},"f":{"0":72},"b":{},"_coverageSchema":"1a1c01bbd47fc00a2c39e90264f33305004495a9","hash":"a793bf3904d60ea2b2d223ac95bd683ff52e1450"}
}
