TN:
SF:database.js
FN:12,getUser
FN:13,(anonymous_1)
FN:21,(anonymous_2)
FN:33,getUserAds
FN:34,(anonymous_4)
FN:44,(anonymous_5)
FN:55,getUserId
FN:56,(anonymous_7)
FN:63,(anonymous_8)
FN:74,getUsername
FN:75,(anonymous_10)
FN:82,(anonymous_11)
FN:95,addUser
FN:103,(anonymous_13)
FN:106,(anonymous_14)
FN:118,setModoState
FN:123,(anonymous_16)
FN:131,(anonymous_17)
FN:142,isModo
FN:143,(anonymous_19)
FN:151,(anonymous_20)
FN:162,isBanned
FN:163,(anonymous_22)
FN:171,(anonymous_23)
FN:183,updatePassword
FN:186,(anonymous_25)
FN:194,(anonymous_26)
FN:206,updateUsername
FN:209,(anonymous_28)
FN:217,(anonymous_29)
FN:229,updateEmail
FN:232,(anonymous_31)
FN:240,(anonymous_32)
FN:252,updatePhone
FN:253,(anonymous_34)
FN:261,(anonymous_35)
FN:273,updateSharing
FN:274,(anonymous_37)
FN:282,(anonymous_38)
FN:296,getUserAd
FN:297,(anonymous_40)
FN:305,(anonymous_41)
FN:311,searchUser
FN:312,(anonymous_43)
FN:321,(anonymous_44)
FN:327,searchAds
FN:333,(anonymous_46)
FN:346,(anonymous_47)
FN:359,getAd
FN:364,(anonymous_49)
FN:377,(anonymous_50)
FN:395,addAd
FN:405,(anonymous_52)
FN:408,(anonymous_53)
FN:426,updateAdd
FN:435,(anonymous_55)
FN:443,(anonymous_56)
FN:454,getAllAds
FN:458,(anonymous_58)
FN:474,(anonymous_59)
FN:488,disableComment
FN:489,(anonymous_61)
FN:498,(anonymous_62)
FN:510,getComment
FN:511,(anonymous_64)
FN:518,(anonymous_65)
FN:530,getUserComment
FN:531,(anonymous_67)
FN:539,(anonymous_68)
FN:560,getFullComments
FN:561,goodDate
FN:585,(anonymous_71)
FN:600,(anonymous_72)
FN:620,addComment
FN:640,(anonymous_74)
FN:648,(anonymous_75)
FN:662,(anonymous_76)
FN:670,(anonymous_77)
FN:692,addReport
FN:701,(anonymous_79)
FN:709,(anonymous_80)
FN:721,deleteComments
FN:730,(anonymous_82)
FN:738,(anonymous_83)
FN:750,getCommentsAd
FN:751,(anonymous_85)
FN:757,(anonymous_86)
FN:769,deleteAd
FN:774,(anonymous_88)
FN:791,addUserReport
FN:796,(anonymous_90)
FN:800,(anonymous_91)
FN:806,(anonymous_92)
FN:814,(anonymous_93)
FN:826,getReportsComment
FN:827,(anonymous_95)
FN:835,(anonymous_96)
FN:847,getReportsAd
FN:848,(anonymous_98)
FN:856,(anonymous_99)
FN:867,getFullReports
FN:869,(anonymous_101)
FN:876,(anonymous_102)
FN:887,(anonymous_103)
FN:897,(anonymous_104)
FN:907,(anonymous_105)
FN:914,(anonymous_106)
FN:925,(anonymous_107)
FN:952,deleteReports
FN:953,(anonymous_109)
FN:961,(anonymous_110)
FN:973,getReportedUserIdofComment
FN:974,(anonymous_112)
FN:983,(anonymous_113)
FN:995,getReportedUserIdofAd
FN:996,(anonymous_115)
FN:1005,(anonymous_116)
FN:1017,decreaseTotalReportsUser
FN:1018,(anonymous_118)
FN:1026,(anonymous_119)
FN:1030,(anonymous_120)
FN:1037,(anonymous_121)
FN:1049,clearCommentReports
FN:1068,(anonymous_123)
FN:1076,(anonymous_124)
FN:1088,clearAdReports
FN:1110,(anonymous_126)
FN:1118,(anonymous_127)
FN:1132,addAdReport
FN:1135,(anonymous_129)
FN:1141,(anonymous_130)
FN:1148,(anonymous_131)
FN:1162,addCommentReport
FN:1168,(anonymous_133)
FN:1174,(anonymous_134)
FN:1181,(anonymous_135)
FN:1195,getCustoms
FN:1196,(anonymous_137)
FN:1202,(anonymous_138)
FN:1208,updateTagCustom
FN:1209,(anonymous_140)
FN:1217,(anonymous_141)
FN:1223,updateLightModeCustom
FN:1226,(anonymous_143)
FN:1234,(anonymous_144)
FN:1247,addCustoms
FN:1250,(anonymous_146)
FN:1258,(anonymous_147)
FN:1268,deleteCustoms
FN:1269,(anonymous_149)
FN:1277,(anonymous_150)
FN:1342,main
FNF:152
FNH:143
FNDA:20,getUser
FNDA:19,(anonymous_1)
FNDA:1,(anonymous_2)
FNDA:5,getUserAds
FNDA:3,(anonymous_4)
FNDA:2,(anonymous_5)
FNDA:6,getUserId
FNDA:5,(anonymous_7)
FNDA:1,(anonymous_8)
FNDA:21,getUsername
FNDA:20,(anonymous_10)
FNDA:1,(anonymous_11)
FNDA:18,addUser
FNDA:17,(anonymous_13)
FNDA:1,(anonymous_14)
FNDA:4,setModoState
FNDA:2,(anonymous_16)
FNDA:1,(anonymous_17)
FNDA:3,isModo
FNDA:2,(anonymous_19)
FNDA:1,(anonymous_20)
FNDA:4,isBanned
FNDA:3,(anonymous_22)
FNDA:1,(anonymous_23)
FNDA:3,updatePassword
FNDA:2,(anonymous_25)
FNDA:1,(anonymous_26)
FNDA:3,updateUsername
FNDA:2,(anonymous_28)
FNDA:1,(anonymous_29)
FNDA:3,updateEmail
FNDA:2,(anonymous_31)
FNDA:1,(anonymous_32)
FNDA:3,updatePhone
FNDA:2,(anonymous_34)
FNDA:1,(anonymous_35)
FNDA:3,updateSharing
FNDA:2,(anonymous_37)
FNDA:1,(anonymous_38)
FNDA:5,getUserAd
FNDA:3,(anonymous_40)
FNDA:2,(anonymous_41)
FNDA:7,searchUser
FNDA:6,(anonymous_43)
FNDA:1,(anonymous_44)
FNDA:5,searchAds
FNDA:4,(anonymous_46)
FNDA:1,(anonymous_47)
FNDA:15,getAd
FNDA:13,(anonymous_49)
FNDA:2,(anonymous_50)
FNDA:7,addAd
FNDA:4,(anonymous_52)
FNDA:3,(anonymous_53)
FNDA:2,updateAdd
FNDA:2,(anonymous_55)
FNDA:0,(anonymous_56)
FNDA:2,getAllAds
FNDA:2,(anonymous_58)
FNDA:0,(anonymous_59)
FNDA:3,disableComment
FNDA:2,(anonymous_61)
FNDA:1,(anonymous_62)
FNDA:3,getComment
FNDA:2,(anonymous_64)
FNDA:1,(anonymous_65)
FNDA:10,getUserComment
FNDA:8,(anonymous_67)
FNDA:2,(anonymous_68)
FNDA:1,getFullComments
FNDA:3,goodDate
FNDA:1,(anonymous_71)
FNDA:0,(anonymous_72)
FNDA:11,addComment
FNDA:10,(anonymous_74)
FNDA:1,(anonymous_75)
FNDA:10,(anonymous_76)
FNDA:0,(anonymous_77)
FNDA:17,addReport
FNDA:3,(anonymous_79)
FNDA:14,(anonymous_80)
FNDA:7,deleteComments
FNDA:6,(anonymous_82)
FNDA:1,(anonymous_83)
FNDA:4,getCommentsAd
FNDA:3,(anonymous_85)
FNDA:1,(anonymous_86)
FNDA:2,deleteAd
FNDA:2,(anonymous_88)
FNDA:5,addUserReport
FNDA:4,(anonymous_90)
FNDA:2,(anonymous_91)
FNDA:0,(anonymous_92)
FNDA:1,(anonymous_93)
FNDA:10,getReportsComment
FNDA:8,(anonymous_95)
FNDA:2,(anonymous_96)
FNDA:8,getReportsAd
FNDA:6,(anonymous_98)
FNDA:2,(anonymous_99)
FNDA:7,getFullReports
FNDA:7,(anonymous_101)
FNDA:3,(anonymous_102)
FNDA:0,(anonymous_103)
FNDA:0,(anonymous_104)
FNDA:7,(anonymous_105)
FNDA:2,(anonymous_106)
FNDA:0,(anonymous_107)
FNDA:15,deleteReports
FNDA:14,(anonymous_109)
FNDA:2,(anonymous_110)
FNDA:4,getReportedUserIdofComment
FNDA:3,(anonymous_112)
FNDA:1,(anonymous_113)
FNDA:13,getReportedUserIdofAd
FNDA:12,(anonymous_115)
FNDA:1,(anonymous_116)
FNDA:8,decreaseTotalReportsUser
FNDA:7,(anonymous_118)
FNDA:1,(anonymous_119)
FNDA:7,(anonymous_120)
FNDA:1,(anonymous_121)
FNDA:3,clearCommentReports
FNDA:2,(anonymous_123)
FNDA:1,(anonymous_124)
FNDA:3,clearAdReports
FNDA:2,(anonymous_126)
FNDA:1,(anonymous_127)
FNDA:3,addAdReport
FNDA:2,(anonymous_129)
FNDA:1,(anonymous_130)
FNDA:1,(anonymous_131)
FNDA:10,addCommentReport
FNDA:9,(anonymous_133)
FNDA:1,(anonymous_134)
FNDA:1,(anonymous_135)
FNDA:3,getCustoms
FNDA:2,(anonymous_137)
FNDA:1,(anonymous_138)
FNDA:3,updateTagCustom
FNDA:2,(anonymous_140)
FNDA:1,(anonymous_141)
FNDA:3,updateLightModeCustom
FNDA:2,(anonymous_143)
FNDA:1,(anonymous_144)
FNDA:4,addCustoms
FNDA:2,(anonymous_146)
FNDA:2,(anonymous_147)
FNDA:4,deleteCustoms
FNDA:3,(anonymous_149)
FNDA:2,(anonymous_150)
FNDA:0,main
DA:1,1
DA:3,1
DA:13,20
DA:14,19
DA:15,18
DA:17,1
DA:18,1
DA:22,1
DA:23,1
DA:34,5
DA:35,3
DA:36,3
DA:37,1
DA:39,3
DA:41,0
DA:42,0
DA:45,2
DA:46,2
DA:56,6
DA:57,5
DA:58,4
DA:60,1
DA:61,1
DA:64,1
DA:65,1
DA:75,21
DA:76,20
DA:77,19
DA:79,1
DA:80,1
DA:83,1
DA:84,1
DA:97,18
DA:104,17
DA:105,17
DA:107,1
DA:108,1
DA:119,4
DA:120,1
DA:121,1
DA:123,3
DA:124,2
DA:125,1
DA:126,1
DA:128,1
DA:129,1
DA:132,1
DA:133,1
DA:143,3
DA:144,2
DA:145,1
DA:146,1
DA:148,1
DA:149,1
DA:152,1
DA:153,1
DA:163,4
DA:164,3
DA:165,0
DA:166,0
DA:168,3
DA:169,3
DA:172,1
DA:173,1
DA:186,3
DA:187,2
DA:188,1
DA:189,1
DA:191,1
DA:192,1
DA:195,1
DA:196,1
DA:209,3
DA:210,2
DA:211,1
DA:212,1
DA:214,1
DA:215,1
DA:218,1
DA:219,1
DA:232,3
DA:233,2
DA:234,1
DA:235,1
DA:237,1
DA:238,1
DA:241,1
DA:242,1
DA:253,3
DA:254,2
DA:255,1
DA:256,1
DA:258,1
DA:259,1
DA:262,1
DA:263,1
DA:274,3
DA:275,2
DA:276,1
DA:277,1
DA:279,1
DA:280,1
DA:283,1
DA:284,1
DA:297,5
DA:298,3
DA:299,1
DA:300,1
DA:302,2
DA:303,2
DA:306,2
DA:307,2
DA:312,7
DA:313,6
DA:314,6
DA:315,1
DA:317,6
DA:319,0
DA:322,1
DA:323,1
DA:328,5
DA:329,5
DA:334,4
DA:335,4
DA:336,4
DA:337,5
DA:338,5
DA:339,5
DA:341,4
DA:343,0
DA:344,0
DA:347,1
DA:348,1
DA:364,15
DA:365,13
DA:366,12
DA:367,12
DA:368,12
DA:369,12
DA:370,12
DA:371,12
DA:373,1
DA:374,1
DA:378,2
DA:379,2
DA:396,7
DA:406,4
DA:407,4
DA:409,3
DA:427,2
DA:436,2
DA:437,0
DA:438,0
DA:440,2
DA:441,2
DA:444,0
DA:445,0
DA:456,2
DA:458,2
DA:459,2
DA:460,1
DA:461,3
DA:462,3
DA:463,3
DA:468,1
DA:469,1
DA:471,1
DA:472,1
DA:475,0
DA:476,0
DA:489,3
DA:491,2
DA:492,1
DA:493,1
DA:495,1
DA:496,1
DA:499,1
DA:500,1
DA:511,3
DA:512,2
DA:513,1
DA:515,1
DA:516,1
DA:519,1
DA:520,1
DA:531,10
DA:532,8
DA:533,6
DA:534,6
DA:536,2
DA:537,2
DA:540,2
DA:541,2
DA:563,3
DA:564,0
DA:566,3
DA:568,1
DA:569,1
DA:571,1
DA:572,1
DA:574,1
DA:576,1
DA:577,1
DA:579,1
DA:582,1
DA:585,1
DA:586,1
DA:587,1
DA:589,2
DA:590,2
DA:591,2
DA:592,2
DA:593,2
DA:594,2
DA:596,2
DA:597,2
DA:599,1
DA:601,0
DA:604,1
DA:606,1
DA:624,11
DA:625,3
DA:627,11
DA:628,11
DA:629,11
DA:630,11
DA:631,5
DA:635,11
DA:641,10
DA:642,10
DA:643,10
DA:645,0
DA:646,0
DA:649,1
DA:650,1
DA:652,11
DA:653,1
DA:654,1
DA:656,10
DA:657,6
DA:659,4
DA:662,10
DA:663,10
DA:664,10
DA:665,10
DA:667,0
DA:668,0
DA:671,0
DA:672,0
DA:674,10
DA:696,17
DA:702,3
DA:703,3
DA:704,3
DA:706,0
DA:707,0
DA:710,14
DA:711,14
DA:726,7
DA:727,4
DA:728,4
DA:730,7
DA:731,6
DA:732,2
DA:733,2
DA:735,4
DA:736,4
DA:739,1
DA:740,1
DA:751,4
DA:752,3
DA:753,3
DA:754,4
DA:756,3
DA:758,1
DA:759,1
DA:770,2
DA:771,2
DA:772,2
DA:773,2
DA:774,2
DA:775,2
DA:776,1
DA:777,1
DA:779,1
DA:780,1
DA:792,5
DA:797,4
DA:798,2
DA:799,2
DA:800,2
DA:801,2
DA:802,2
DA:804,0
DA:807,0
DA:808,0
DA:811,2
DA:812,2
DA:815,1
DA:816,1
DA:827,10
DA:828,8
DA:829,5
DA:830,5
DA:832,3
DA:833,3
DA:836,2
DA:837,2
DA:848,8
DA:849,6
DA:850,2
DA:851,2
DA:853,4
DA:854,4
DA:857,2
DA:858,2
DA:868,7
DA:869,7
DA:870,7
DA:871,3
DA:872,3
DA:873,3
DA:874,3
DA:875,3
DA:876,3
DA:877,3
DA:878,3
DA:879,3
DA:880,3
DA:882,3
DA:884,0
DA:885,0
DA:888,0
DA:889,0
DA:892,3
DA:894,4
DA:895,4
DA:898,0
DA:899,0
DA:901,7
DA:902,4
DA:904,3
DA:907,7
DA:908,7
DA:909,5
DA:910,5
DA:911,5
DA:912,2
DA:913,2
DA:914,2
DA:915,2
DA:916,2
DA:917,2
DA:918,2
DA:920,2
DA:922,0
DA:923,0
DA:926,0
DA:927,0
DA:932,5
DA:934,2
DA:935,2
DA:938,7
DA:939,2
DA:941,5
DA:943,7
DA:953,15
DA:954,14
DA:955,7
DA:956,7
DA:958,6
DA:959,6
DA:962,2
DA:963,2
DA:974,4
DA:975,3
DA:976,3
DA:977,0
DA:979,3
DA:981,0
DA:984,1
DA:985,1
DA:996,13
DA:997,12
DA:998,12
DA:999,1
DA:1001,12
DA:1003,0
DA:1006,1
DA:1007,1
DA:1018,8
DA:1019,7
DA:1020,2
DA:1021,2
DA:1023,5
DA:1024,5
DA:1027,1
DA:1028,1
DA:1030,8
DA:1031,7
DA:1032,2
DA:1033,2
DA:1035,5
DA:1038,1
DA:1039,1
DA:1050,3
DA:1051,3
DA:1052,3
DA:1053,3
DA:1054,1
DA:1056,2
DA:1058,3
DA:1059,3
DA:1060,1
DA:1062,2
DA:1064,3
DA:1069,2
DA:1070,1
DA:1071,1
DA:1073,1
DA:1074,1
DA:1077,1
DA:1078,1
DA:1089,3
DA:1090,3
DA:1092,3
DA:1093,3
DA:1094,1
DA:1096,2
DA:1099,3
DA:1100,3
DA:1101,1
DA:1103,2
DA:1106,3
DA:1111,2
DA:1112,1
DA:1113,1
DA:1115,1
DA:1116,1
DA:1119,1
DA:1120,1
DA:1133,3
DA:1134,3
DA:1136,2
DA:1137,1
DA:1138,1
DA:1139,1
DA:1140,1
DA:1141,1
DA:1142,1
DA:1145,1
DA:1146,1
DA:1149,1
DA:1150,1
DA:1163,10
DA:1164,10
DA:1169,9
DA:1170,1
DA:1171,1
DA:1172,1
DA:1173,1
DA:1174,1
DA:1175,1
DA:1178,8
DA:1179,8
DA:1182,1
DA:1183,1
DA:1184,1
DA:1196,3
DA:1197,2
DA:1198,1
DA:1200,1
DA:1203,1
DA:1204,1
DA:1209,3
DA:1210,2
DA:1211,1
DA:1212,1
DA:1214,1
DA:1218,1
DA:1219,1
DA:1224,3
DA:1225,3
DA:1226,3
DA:1227,2
DA:1228,1
DA:1229,1
DA:1231,1
DA:1235,1
DA:1236,1
DA:1248,4
DA:1251,2
DA:1252,2
DA:1253,2
DA:1255,0
DA:1256,0
DA:1259,2
DA:1260,2
DA:1269,4
DA:1270,3
DA:1271,1
DA:1272,0
DA:1274,2
DA:1275,2
DA:1278,2
DA:1279,2
DA:1283,1
LF:507
LH:465
BRDA:14,0,0,18
BRDA:14,0,1,1
BRDA:35,1,0,3
BRDA:35,1,1,0
BRDA:57,2,0,4
BRDA:57,2,1,1
BRDA:76,3,0,19
BRDA:76,3,1,1
BRDA:95,4,0,15
BRDA:95,5,0,15
BRDA:119,6,0,1
BRDA:119,6,1,3
BRDA:124,7,0,1
BRDA:124,7,1,1
BRDA:144,8,0,1
BRDA:144,8,1,1
BRDA:164,9,0,0
BRDA:164,9,1,3
BRDA:187,10,0,1
BRDA:187,10,1,1
BRDA:210,11,0,1
BRDA:210,11,1,1
BRDA:233,12,0,1
BRDA:233,12,1,1
BRDA:254,13,0,1
BRDA:254,13,1,1
BRDA:275,14,0,1
BRDA:275,14,1,1
BRDA:298,15,0,1
BRDA:298,15,1,2
BRDA:313,16,0,6
BRDA:313,16,1,0
BRDA:334,17,0,4
BRDA:334,17,1,0
BRDA:365,18,0,12
BRDA:365,18,1,1
BRDA:436,19,0,0
BRDA:436,19,1,2
BRDA:459,20,0,1
BRDA:459,20,1,1
BRDA:491,21,0,1
BRDA:491,21,1,1
BRDA:512,22,0,1
BRDA:512,22,1,1
BRDA:532,23,0,6
BRDA:532,23,1,2
BRDA:563,24,0,0
BRDA:563,24,1,3
BRDA:593,25,0,2
BRDA:593,25,1,0
BRDA:593,26,0,2
BRDA:593,26,1,2
BRDA:620,27,0,6
BRDA:620,28,0,9
BRDA:624,29,0,3
BRDA:624,29,1,8
BRDA:624,30,0,11
BRDA:624,30,1,5
BRDA:630,31,0,5
BRDA:630,31,1,6
BRDA:641,32,0,10
BRDA:641,32,1,0
BRDA:652,33,0,1
BRDA:652,33,1,10
BRDA:656,34,0,6
BRDA:656,34,1,4
BRDA:663,35,0,10
BRDA:663,35,1,0
BRDA:692,36,0,5
BRDA:692,37,0,8
BRDA:702,38,0,3
BRDA:702,38,1,0
BRDA:731,39,0,2
BRDA:731,39,1,4
BRDA:775,40,0,1
BRDA:775,40,1,1
BRDA:797,41,0,2
BRDA:797,41,1,2
BRDA:801,42,0,2
BRDA:801,42,1,0
BRDA:828,43,0,5
BRDA:828,43,1,3
BRDA:849,44,0,2
BRDA:849,44,1,4
BRDA:870,45,0,3
BRDA:870,45,1,4
BRDA:877,46,0,3
BRDA:877,46,1,0
BRDA:901,47,0,4
BRDA:901,47,1,3
BRDA:908,48,0,5
BRDA:908,48,1,2
BRDA:911,49,0,2
BRDA:911,49,1,3
BRDA:915,50,0,2
BRDA:915,50,1,0
BRDA:938,51,0,2
BRDA:938,51,1,5
BRDA:954,52,0,7
BRDA:954,52,1,6
BRDA:975,53,0,3
BRDA:975,53,1,0
BRDA:997,54,0,12
BRDA:997,54,1,0
BRDA:1019,55,0,2
BRDA:1019,55,1,5
BRDA:1031,56,0,2
BRDA:1031,56,1,5
BRDA:1053,57,0,1
BRDA:1053,57,1,2
BRDA:1059,58,0,1
BRDA:1059,58,1,2
BRDA:1069,59,0,1
BRDA:1069,59,1,1
BRDA:1093,60,0,1
BRDA:1093,60,1,2
BRDA:1100,61,0,1
BRDA:1100,61,1,2
BRDA:1111,62,0,1
BRDA:1111,62,1,1
BRDA:1132,63,0,2
BRDA:1136,64,0,1
BRDA:1136,64,1,1
BRDA:1162,65,0,2
BRDA:1169,66,0,1
BRDA:1169,66,1,8
BRDA:1197,67,0,1
BRDA:1197,67,1,1
BRDA:1210,68,0,1
BRDA:1210,68,1,1
BRDA:1227,69,0,1
BRDA:1227,69,1,1
BRDA:1251,70,0,2
BRDA:1251,70,1,0
BRDA:1270,71,0,1
BRDA:1270,71,1,2
BRF:136
BRH:120
end_of_record
TN:
SF:tables.js
FNF:0
FNH:0
DA:1,1
DA:2,1
DA:19,1
DA:66,1
DA:129,1
DA:188,1
DA:226,1
DA:251,1
LF:8
LH:8
BRF:0
BRH:0
end_of_record
TN:
SF:utils/randomString.js
FN:1,randomString
FNF:1
FNH:1
FNDA:72,randomString
DA:2,72
DA:3,72
DA:4,72
DA:5,720
DA:7,72
DA:10,1
LF:6
LH:6
BRF:0
BRH:0
end_of_record
